<?xml version="1.0" encoding="UTF-8"?>
<testsuites name="Unext_test" time="1520.485" tests="19" failures="0" errors="0">
   <testsuite name="Unext_test" tests="19" failures="0" errors="0" time="1520.485" skipped="0" timestamp="19-01-2024T12:00:18" hostname="Pavitra I R - DESKTOP-MFB1Q4P" id="Test Suites/Unext_test">
      <properties>
         <property name="deviceName" value=""/>
         <property name="devicePlatform" value=""/>
         <property name="logFolder" value="C:\\Users\\Pavitra I R\\Katalon Studio\\Admetrics\\Reports\\20240119_120012\\Unext_test\\20240119_120012"/>
         <property name="logFiles" value="C:\\Users\\Pavitra I R\\Katalon Studio\\Admetrics\\Reports\\20240119_120012\\Unext_test\\20240119_120012\\execution0.log"/>
         <property name="attachments" value=""/>
         <property name="hostName" value="Pavitra I R - DESKTOP-MFB1Q4P"/>
         <property name="os" value="Windows 10 64bit"/>
         <property name="katalonVersion" value="9.2.0.212"/>
         <property name="browser" value="Chrome 120.0.0.0"/>
         <property name="hostAddress" value="192.168.1.111"/>
         <property name="sessionId" value="448f5ffd8f9216989b6c6f49c47b9f11"/>
         <property name="seleniumVersion" value="3.141.59"/>
         <property name="proxyInformation" value="ProxyInformation { proxyOption=NO_PROXY, proxyServerType=HTTP, username=, password=********, proxyServerAddress=, proxyServerPort=0, executionList=&quot;&quot;, isApplyToDesiredCapabilities=true }"/>
         <property name="platform" value="Windows 10"/>
      </properties>
      <testcase name="Test Cases/Unext/test_verify_unext_login" time="8.523" classname="Test Cases/Unext/test_verify_unext_login" status="PASSED">
         <system-out><![CDATA[19-01-2024T12:00:19 - [TEST_CASE][PASSED] - Test Cases/Unext/test_verify_unext_login: Test Cases/Unext/test_verify_unext_login

19-01-2024T12:00:19 - [TEST_STEP][PASSED] - openBrowser(""): Browser is opened with url: ''

19-01-2024T12:00:19 - [MESSAGE][INFO] - Starting 'Chrome' driver

19-01-2024T12:00:19 - [MESSAGE][INFO] - Action delay is set to 0 milliseconds

19-01-2024T12:00:21 - [MESSAGE][PASSED] - Browser is opened with url: ''

19-01-2024T12:00:21 - [TEST_STEP][PASSED] - maximizeWindow(): Current window maximized

19-01-2024T12:00:21 - [MESSAGE][PASSED] - Current window maximized

19-01-2024T12:00:21 - [TEST_STEP][PASSED] - navigateToUrl(url): Navigate to 'https://dash.admetrics.ai/' successfully

19-01-2024T12:00:23 - [MESSAGE][PASSED] - Navigate to 'https://dash.admetrics.ai/' successfully

19-01-2024T12:00:23 - [TEST_STEP][PASSED] - setText(findTestObject("Object Repository/Page_valid_login/Page_/input_User ID_username"), username1): Text 'unext_admin' is set on object 'Object Repository/Page_valid_login/Page_/input_User ID_username'

19-01-2024T12:00:24 - [MESSAGE][PASSED] - Text 'unext_admin' is set on object 'Object Repository/Page_valid_login/Page_/input_User ID_username'

19-01-2024T12:00:24 - [TEST_STEP][PASSED] - setEncryptedText(findTestObject("Object Repository/Page_valid_login/Page_/input_Password_password"), password1): Text ****** has been set on object 'Object Repository/Page_valid_login/Page_/input_Password_password'

19-01-2024T12:00:25 - [MESSAGE][PASSED] - Text ****** has been set on object 'Object Repository/Page_valid_login/Page_/input_Password_password'

19-01-2024T12:00:25 - [TEST_STEP][PASSED] - click(findTestObject("Object Repository/Page_valid_login/Page_/button_Login")): Object: 'Object Repository/Page_valid_login/Page_/button_Login' is clicked on

19-01-2024T12:00:25 - [MESSAGE][PASSED] - Object: 'Object Repository/Page_valid_login/Page_/button_Login' is clicked on

19-01-2024T12:00:25 - [TEST_STEP][PASSED] - delay(2): Delayed 2 second(s)

19-01-2024T12:00:27 - [MESSAGE][PASSED] - Delayed 2 second(s)]]></system-out>
         <system-err><![CDATA[]]></system-err>
      </testcase>
      <testcase name="Test Cases/Unext/test_unext_verify_navigating_spend_report" time="2.038" classname="Test Cases/Unext/test_unext_verify_navigating_spend_report" status="PASSED">
         <system-out><![CDATA[19-01-2024T12:00:27 - [TEST_CASE][PASSED] - Test Cases/Unext/test_unext_verify_navigating_spend_report: Test Cases/Unext/test_unext_verify_navigating_spend_report

19-01-2024T12:00:27 - [TEST_STEP][PASSED] - verifyElementClickable(findTestObject("Object Repository/Page_Unext_Verify_Navigating_Spend_Report/Page_/li_Spend Report")): Object 'Object Repository/Page_Unext_Verify_Navigating_Spend_Report/Page_/li_Spend Report' is clickable

19-01-2024T12:00:28 - [MESSAGE][PASSED] - Object 'Object Repository/Page_Unext_Verify_Navigating_Spend_Report/Page_/li_Spend Report' is clickable

19-01-2024T12:00:28 - [TEST_STEP][PASSED] - click(findTestObject("Object Repository/Page_Unext_Verify_Navigating_Spend_Report/Page_/li_Spend Report")): Object: 'Object Repository/Page_Unext_Verify_Navigating_Spend_Report/Page_/li_Spend Report' is clicked on

19-01-2024T12:00:28 - [MESSAGE][PASSED] - Object: 'Object Repository/Page_Unext_Verify_Navigating_Spend_Report/Page_/li_Spend Report' is clicked on

19-01-2024T12:00:28 - [TEST_STEP][PASSED] - verifyElementPresent(findTestObject("Object Repository/Page_Unext_Verify_Navigating_Spend_Report/Page_/p_Spend Report"), 0): Object 'Object Repository/Page_Unext_Verify_Navigating_Spend_Report/Page_/p_Spend Report' is present

19-01-2024T12:00:28 - [MESSAGE][WARNING] - Timeout '0' is invalid. Using default page load timeout: '30'

19-01-2024T12:00:29 - [MESSAGE][PASSED] - Object 'Object Repository/Page_Unext_Verify_Navigating_Spend_Report/Page_/p_Spend Report' is present

19-01-2024T12:00:29 - [TEST_STEP][PASSED] - verifyElementText(findTestObject("Object Repository/Page_Unext_Verify_Navigating_Spend_Report/Page_/p_Spend Report"), "Spend Report"): Actual text and expected text of test object 'Object Repository/Page_Unext_Verify_Navigating_Spend_Report/Page_/p_Spend Report' are matched.

19-01-2024T12:00:29 - [MESSAGE][PASSED] - Actual text and expected text of test object 'Object Repository/Page_Unext_Verify_Navigating_Spend_Report/Page_/p_Spend Report' are matched.]]></system-out>
         <system-err><![CDATA[]]></system-err>
      </testcase>
      <testcase name="Test Cases/Unext/tset_unext_spend_daily_tab" time="1.488" classname="Test Cases/Unext/tset_unext_spend_daily_tab" status="PASSED">
         <system-out><![CDATA[19-01-2024T12:00:29 - [TEST_CASE][PASSED] - Test Cases/Unext/tset_unext_spend_daily_tab: Test Cases/Unext/tset_unext_spend_daily_tab

19-01-2024T12:00:29 - [TEST_STEP][PASSED] - verifyElementText(findTestObject("Object Repository/Page_Unext_Spend_daily_tab/Page_/div_Daily Spend Report"), "Daily Spend Report"): Actual text and expected text of test object 'Object Repository/Page_Unext_Spend_daily_tab/Page_/div_Daily Spend Report' are matched.

19-01-2024T12:00:30 - [MESSAGE][PASSED] - Actual text and expected text of test object 'Object Repository/Page_Unext_Spend_daily_tab/Page_/div_Daily Spend Report' are matched.

19-01-2024T12:00:30 - [TEST_STEP][PASSED] - verifyElementClickable(findTestObject("Object Repository/Page_Unext_Spend_daily_tab/Page_/div_Daily Spend Report")): Object 'Object Repository/Page_Unext_Spend_daily_tab/Page_/div_Daily Spend Report' is clickable

19-01-2024T12:00:30 - [MESSAGE][PASSED] - Object 'Object Repository/Page_Unext_Spend_daily_tab/Page_/div_Daily Spend Report' is clickable

19-01-2024T12:00:30 - [TEST_STEP][PASSED] - click(findTestObject("Object Repository/Page_Unext_Spend_daily_tab/Page_/div_Daily Spend Report")): Object: 'Object Repository/Page_Unext_Spend_daily_tab/Page_/div_Daily Spend Report' is clicked on

19-01-2024T12:00:31 - [MESSAGE][PASSED] - Object: 'Object Repository/Page_Unext_Spend_daily_tab/Page_/div_Daily Spend Report' is clicked on]]></system-out>
         <system-err><![CDATA[]]></system-err>
      </testcase>
      <testcase name="Test Cases/Unext/test_unext_spend_daily_calender" time="132.193" classname="Test Cases/Unext/test_unext_spend_daily_calender" status="PASSED">
         <system-out><![CDATA[19-01-2024T12:00:31 - [TEST_CASE][PASSED] - Test Cases/Unext/test_unext_spend_daily_calender: Test Cases/Unext/test_unext_spend_daily_calender

19-01-2024T12:00:31 - [TEST_STEP][PASSED] - verifyElementClickable(findTestObject("Object Repository/Page_Unext_Calender/Page_/mat-icon_clear")): Object 'Object Repository/Page_Unext_Calender/Page_/mat-icon_clear' is clickable

19-01-2024T12:00:32 - [MESSAGE][PASSED] - Object 'Object Repository/Page_Unext_Calender/Page_/mat-icon_clear' is clickable

19-01-2024T12:00:32 - [TEST_STEP][PASSED] - click(findTestObject("Object Repository/Page_Unext_Calender/Page_/mat-icon_clear")): Object: 'Object Repository/Page_Unext_Calender/Page_/mat-icon_clear' is clicked on

19-01-2024T12:00:32 - [MESSAGE][PASSED] - Object: 'Object Repository/Page_Unext_Calender/Page_/mat-icon_clear' is clicked on

19-01-2024T12:00:32 - [TEST_STEP][PASSED] - verifyElementClickable(findTestObject("Object Repository/Page_Unext_Calender/Page_/svg_mat-datepicker-toggle-default-icon ng-s_f1b13c")): Object 'Object Repository/Page_Unext_Calender/Page_/svg_mat-datepicker-toggle-default-icon ng-s_f1b13c' is clickable

19-01-2024T12:01:03 - [MESSAGE][INFO] - Unable to find the element located by 'By.xpath: '. Please recheck the objects properties to make sure the desired element is located. 

19-01-2024T12:01:03 - [MESSAGE][WARNING] - [SELF-HEALING] Failed to find element with id 'Object Repository/Page_Unext_Calender/Page_/svg_mat-datepicker-toggle-default-icon ng-s_f1b13c'. Try using Self-healing.

19-01-2024T12:01:04 - [MESSAGE][WARNING] - [SELF-HEALING] The current locator of test object 'Object Repository/Page_Unext_Calender/Page_/svg_mat-datepicker-toggle-default-icon ng-s_f1b13c' was broken. Propose an alternative one: 'svg.mat-datepicker-toggle-default-icon.ng-star-inserted'.

19-01-2024T12:01:04 - [MESSAGE][PASSED] - Object 'Object Repository/Page_Unext_Calender/Page_/svg_mat-datepicker-toggle-default-icon ng-s_f1b13c' is clickable

19-01-2024T12:01:04 - [TEST_STEP][PASSED] - click(findTestObject("Object Repository/Page_Unext_Calender/Page_/svg_mat-datepicker-toggle-default-icon ng-s_f1b13c")): Object: 'Object Repository/Page_Unext_Calender/Page_/svg_mat-datepicker-toggle-default-icon ng-s_f1b13c' is clicked on

19-01-2024T12:01:35 - [MESSAGE][INFO] - Unable to find the element located by 'By.xpath: '. Please recheck the objects properties to make sure the desired element is located. 

19-01-2024T12:01:35 - [MESSAGE][WARNING] - [SELF-HEALING] Failed to find element with id 'Object Repository/Page_Unext_Calender/Page_/svg_mat-datepicker-toggle-default-icon ng-s_f1b13c'. Try using Self-healing.

19-01-2024T12:01:35 - [MESSAGE][WARNING] - [SELF-HEALING] The current locator of test object 'Object Repository/Page_Unext_Calender/Page_/svg_mat-datepicker-toggle-default-icon ng-s_f1b13c' was broken. Propose an alternative one: 'svg.mat-datepicker-toggle-default-icon.ng-star-inserted'.

19-01-2024T12:01:36 - [MESSAGE][PASSED] - Object: 'Object Repository/Page_Unext_Calender/Page_/svg_mat-datepicker-toggle-default-icon ng-s_f1b13c' is clicked on

19-01-2024T12:01:36 - [TEST_STEP][PASSED] - verifyElementClickable(findTestObject("Object Repository/Page_Unext_Calender/Page_/svg_mat-calendar-arrow")): Object 'Object Repository/Page_Unext_Calender/Page_/svg_mat-calendar-arrow' is clickable

19-01-2024T12:02:07 - [MESSAGE][INFO] - Unable to find the element located by 'By.xpath: '. Please recheck the objects properties to make sure the desired element is located. 

19-01-2024T12:02:07 - [MESSAGE][WARNING] - [SELF-HEALING] Failed to find element with id 'Object Repository/Page_Unext_Calender/Page_/svg_mat-calendar-arrow'. Try using Self-healing.

19-01-2024T12:02:07 - [MESSAGE][WARNING] - [SELF-HEALING] The current locator of test object 'Object Repository/Page_Unext_Calender/Page_/svg_mat-calendar-arrow' was broken. Propose an alternative one: 'svg.mat-calendar-arrow'.

19-01-2024T12:02:07 - [MESSAGE][PASSED] - Object 'Object Repository/Page_Unext_Calender/Page_/svg_mat-calendar-arrow' is clickable

19-01-2024T12:02:07 - [TEST_STEP][PASSED] - click(findTestObject("Object Repository/Page_Unext_Calender/Page_/span_JAN 2024")): Object: 'Object Repository/Page_Unext_Calender/Page_/span_JAN 2024' is clicked on

19-01-2024T12:02:08 - [MESSAGE][PASSED] - Object: 'Object Repository/Page_Unext_Calender/Page_/span_JAN 2024' is clicked on

19-01-2024T12:02:08 - [TEST_STEP][PASSED] - click(findTestObject("Object Repository/Page_Unext_Calender/Page_/polygon")): Object: 'Object Repository/Page_Unext_Calender/Page_/polygon' is clicked on

19-01-2024T12:02:39 - [MESSAGE][INFO] - Unable to find the element located by 'By.xpath: '. Please recheck the objects properties to make sure the desired element is located. 

19-01-2024T12:02:39 - [MESSAGE][WARNING] - [SELF-HEALING] Failed to find element with id 'Object Repository/Page_Unext_Calender/Page_/polygon'. Try using Self-healing.

19-01-2024T12:02:40 - [MESSAGE][WARNING] - [SELF-HEALING] The current locator of test object 'Object Repository/Page_Unext_Calender/Page_/polygon' was broken. Propose an alternative one: 'polygon'.

19-01-2024T12:02:40 - [MESSAGE][PASSED] - Object: 'Object Repository/Page_Unext_Calender/Page_/polygon' is clicked on

19-01-2024T12:02:40 - [TEST_STEP][PASSED] - verifyElementClickable(findTestObject("Object Repository/Page_Unext_Calender/Page_/button_mat-focus-indicator mat-calendar-pre_09dfc7")): Object 'Object Repository/Page_Unext_Calender/Page_/button_mat-focus-indicator mat-calendar-pre_09dfc7' is clickable

19-01-2024T12:02:40 - [MESSAGE][PASSED] - Object 'Object Repository/Page_Unext_Calender/Page_/button_mat-focus-indicator mat-calendar-pre_09dfc7' is clickable

19-01-2024T12:02:40 - [TEST_STEP][PASSED] - verifyElementClickable(findTestObject("Object Repository/Page_Unext_Calender/Page_/button_mat-focus-indicator mat-calendar-pre_09dfc7")): Object 'Object Repository/Page_Unext_Calender/Page_/button_mat-focus-indicator mat-calendar-pre_09dfc7' is clickable

19-01-2024T12:02:41 - [MESSAGE][PASSED] - Object 'Object Repository/Page_Unext_Calender/Page_/button_mat-focus-indicator mat-calendar-pre_09dfc7' is clickable

19-01-2024T12:02:41 - [TEST_STEP][PASSED] - click(findTestObject("Object Repository/Page_Unext_Calender/Page_/button_mat-focus-indicator mat-calendar-pre_09dfc7")): Object: 'Object Repository/Page_Unext_Calender/Page_/button_mat-focus-indicator mat-calendar-pre_09dfc7' is clicked on

19-01-2024T12:02:41 - [MESSAGE][PASSED] - Object: 'Object Repository/Page_Unext_Calender/Page_/button_mat-focus-indicator mat-calendar-pre_09dfc7' is clicked on

19-01-2024T12:02:41 - [TEST_STEP][PASSED] - click(findTestObject("Object Repository/Page_Unext_Calender/Page_/div_1")): Object: 'Object Repository/Page_Unext_Calender/Page_/div_1' is clicked on

19-01-2024T12:02:42 - [MESSAGE][PASSED] - Object: 'Object Repository/Page_Unext_Calender/Page_/div_1' is clicked on

19-01-2024T12:02:42 - [TEST_STEP][PASSED] - click(findTestObject("Object Repository/Page_Unext_Calender/Page_/div_31")): Object: 'Object Repository/Page_Unext_Calender/Page_/div_31' is clicked on

19-01-2024T12:02:43 - [MESSAGE][PASSED] - Object: 'Object Repository/Page_Unext_Calender/Page_/div_31' is clicked on]]></system-out>
         <system-err><![CDATA[]]></system-err>
      </testcase>
      <testcase name="Test Cases/Unext/test_daily_zoom" time="6.074" classname="Test Cases/Unext/test_daily_zoom" status="PASSED">
         <system-out><![CDATA[19-01-2024T12:02:43 - [TEST_CASE][PASSED] - Test Cases/Unext/test_daily_zoom: Test Cases/Unext/test_daily_zoom

19-01-2024T12:02:43 - [TEST_STEP][PASSED] - verifyElementClickable(findTestObject("Object Repository/Page_Daily_Zoom/Page_/img")): Object 'Object Repository/Page_Daily_Zoom/Page_/img' is clickable

19-01-2024T12:02:44 - [MESSAGE][PASSED] - Object 'Object Repository/Page_Daily_Zoom/Page_/img' is clickable

19-01-2024T12:02:44 - [TEST_STEP][PASSED] - click(findTestObject("Object Repository/Page_Daily_Zoom/Page_/img")): Object: 'Object Repository/Page_Daily_Zoom/Page_/img' is clicked on

19-01-2024T12:02:45 - [MESSAGE][PASSED] - Object: 'Object Repository/Page_Daily_Zoom/Page_/img' is clicked on

19-01-2024T12:02:45 - [TEST_STEP][PASSED] - delay(2): Delayed 2 second(s)

19-01-2024T12:02:47 - [MESSAGE][PASSED] - Delayed 2 second(s)

19-01-2024T12:02:47 - [TEST_STEP][PASSED] - executeJavaScript("document.exitFullscreen();", null): Execute JavaScript 'document.exitFullscreen();' successfully

19-01-2024T12:02:47 - [MESSAGE][PASSED] - Execute JavaScript 'document.exitFullscreen();' successfully

19-01-2024T12:02:47 - [TEST_STEP][PASSED] - delay(2): Delayed 2 second(s)

19-01-2024T12:02:49 - [MESSAGE][PASSED] - Delayed 2 second(s)]]></system-out>
         <system-err><![CDATA[]]></system-err>
      </testcase>
      <testcase name="Test Cases/Unext/test_unext_navigating_campaign_report" time="2.996" classname="Test Cases/Unext/test_unext_navigating_campaign_report" status="PASSED">
         <system-out><![CDATA[19-01-2024T12:02:49 - [TEST_CASE][PASSED] - Test Cases/Unext/test_unext_navigating_campaign_report: Test Cases/Unext/test_unext_navigating_campaign_report

19-01-2024T12:02:49 - [TEST_STEP][PASSED] - verifyElementClickable(findTestObject("Object Repository/Page_Unext_Verify_Navigating_Campaign_Report/Page_/li_Campaign Report")): Object 'Object Repository/Page_Unext_Verify_Navigating_Campaign_Report/Page_/li_Campaign Report' is clickable

19-01-2024T12:02:50 - [MESSAGE][PASSED] - Object 'Object Repository/Page_Unext_Verify_Navigating_Campaign_Report/Page_/li_Campaign Report' is clickable

19-01-2024T12:02:50 - [TEST_STEP][PASSED] - click(findTestObject("Object Repository/Page_Unext_Verify_Navigating_Campaign_Report/Page_/li_Campaign Report")): Object: 'Object Repository/Page_Unext_Verify_Navigating_Campaign_Report/Page_/li_Campaign Report' is clicked on

19-01-2024T12:02:50 - [MESSAGE][PASSED] - Object: 'Object Repository/Page_Unext_Verify_Navigating_Campaign_Report/Page_/li_Campaign Report' is clicked on

19-01-2024T12:02:50 - [TEST_STEP][PASSED] - verifyElementPresent(findTestObject("Object Repository/Page_Unext_Verify_Navigating_Campaign_Report/Page_/p_Campaign Analytics"), 0): Object 'Object Repository/Page_Unext_Verify_Navigating_Campaign_Report/Page_/p_Campaign Analytics' is present

19-01-2024T12:02:50 - [MESSAGE][WARNING] - Timeout '0' is invalid. Using default page load timeout: '30'

19-01-2024T12:02:51 - [MESSAGE][PASSED] - Object 'Object Repository/Page_Unext_Verify_Navigating_Campaign_Report/Page_/p_Campaign Analytics' is present

19-01-2024T12:02:51 - [TEST_STEP][PASSED] - verifyElementText(findTestObject("Object Repository/Page_Unext_Verify_Navigating_Campaign_Report/Page_/p_Campaign Analytics"), "Campaign Analytics"): Actual text and expected text of test object 'Object Repository/Page_Unext_Verify_Navigating_Campaign_Report/Page_/p_Campaign Analytics' are matched.

19-01-2024T12:02:52 - [MESSAGE][PASSED] - Actual text and expected text of test object 'Object Repository/Page_Unext_Verify_Navigating_Campaign_Report/Page_/p_Campaign Analytics' are matched.]]></system-out>
         <system-err><![CDATA[]]></system-err>
      </testcase>
      <testcase name="Test Cases/Unext/test_unext_campaign_metric_tab" time="1.391" classname="Test Cases/Unext/test_unext_campaign_metric_tab" status="PASSED">
         <system-out><![CDATA[19-01-2024T12:02:52 - [TEST_CASE][PASSED] - Test Cases/Unext/test_unext_campaign_metric_tab: Test Cases/Unext/test_unext_campaign_metric_tab

19-01-2024T12:02:52 - [TEST_STEP][PASSED] - verifyElementText(findTestObject("Object Repository/Page_Unext_Campaign_Metric_tab/Page_/div_Campaign Metrics"), "Campaign Metrics"): Actual text and expected text of test object 'Object Repository/Page_Unext_Campaign_Metric_tab/Page_/div_Campaign Metrics' are matched.

19-01-2024T12:02:52 - [MESSAGE][PASSED] - Actual text and expected text of test object 'Object Repository/Page_Unext_Campaign_Metric_tab/Page_/div_Campaign Metrics' are matched.

19-01-2024T12:02:52 - [TEST_STEP][PASSED] - verifyElementClickable(findTestObject("Object Repository/Page_Unext_Campaign_Metric_tab/Page_/div_Campaign Metrics")): Object 'Object Repository/Page_Unext_Campaign_Metric_tab/Page_/div_Campaign Metrics' is clickable

19-01-2024T12:02:53 - [MESSAGE][PASSED] - Object 'Object Repository/Page_Unext_Campaign_Metric_tab/Page_/div_Campaign Metrics' is clickable

19-01-2024T12:02:53 - [TEST_STEP][PASSED] - click(findTestObject("Object Repository/Page_Unext_Campaign_Metric_tab/Page_/div_Campaign Metrics")): Object: 'Object Repository/Page_Unext_Campaign_Metric_tab/Page_/div_Campaign Metrics' is clicked on

19-01-2024T12:02:53 - [MESSAGE][PASSED] - Object: 'Object Repository/Page_Unext_Campaign_Metric_tab/Page_/div_Campaign Metrics' is clicked on]]></system-out>
         <system-err><![CDATA[]]></system-err>
      </testcase>
      <testcase name="Test Cases/Unext/test_unext_campaign_metric_calender" time="163.855" classname="Test Cases/Unext/test_unext_campaign_metric_calender" status="PASSED">
         <system-out><![CDATA[19-01-2024T12:02:53 - [TEST_CASE][PASSED] - Test Cases/Unext/test_unext_campaign_metric_calender: Test Cases/Unext/test_unext_campaign_metric_calender

19-01-2024T12:02:53 - [TEST_STEP][PASSED] - verifyElementClickable(findTestObject("Object Repository/Page_Unext_Campaign_Metric_Calender/Page_/mat-icon_clear")): Object 'Object Repository/Page_Unext_Campaign_Metric_Calender/Page_/mat-icon_clear' is clickable

19-01-2024T12:02:54 - [MESSAGE][PASSED] - Object 'Object Repository/Page_Unext_Campaign_Metric_Calender/Page_/mat-icon_clear' is clickable

19-01-2024T12:02:54 - [TEST_STEP][PASSED] - click(findTestObject("Object Repository/Page_Unext_Campaign_Metric_Calender/Page_/mat-icon_clear")): Object: 'Object Repository/Page_Unext_Campaign_Metric_Calender/Page_/mat-icon_clear' is clicked on

19-01-2024T12:02:55 - [MESSAGE][PASSED] - Object: 'Object Repository/Page_Unext_Campaign_Metric_Calender/Page_/mat-icon_clear' is clicked on

19-01-2024T12:02:55 - [TEST_STEP][PASSED] - verifyElementClickable(findTestObject("Object Repository/Page_Unext_Campaign_Metric_Calender/Page_/svg_mat-datepicker-toggle-default-icon ng-s_f1b13c")): Object 'Object Repository/Page_Unext_Campaign_Metric_Calender/Page_/svg_mat-datepicker-toggle-default-icon ng-s_f1b13c' is clickable

19-01-2024T12:03:26 - [MESSAGE][INFO] - Unable to find the element located by 'By.xpath: '. Please recheck the objects properties to make sure the desired element is located. 

19-01-2024T12:03:26 - [MESSAGE][WARNING] - [SELF-HEALING] Failed to find element with id 'Object Repository/Page_Unext_Campaign_Metric_Calender/Page_/svg_mat-datepicker-toggle-default-icon ng-s_f1b13c'. Try using Self-healing.

19-01-2024T12:03:26 - [MESSAGE][WARNING] - [SELF-HEALING] The current locator of test object 'Object Repository/Page_Unext_Campaign_Metric_Calender/Page_/svg_mat-datepicker-toggle-default-icon ng-s_f1b13c' was broken. Propose an alternative one: 'svg.mat-datepicker-toggle-default-icon.ng-star-inserted'.

19-01-2024T12:03:26 - [MESSAGE][PASSED] - Object 'Object Repository/Page_Unext_Campaign_Metric_Calender/Page_/svg_mat-datepicker-toggle-default-icon ng-s_f1b13c' is clickable

19-01-2024T12:03:26 - [TEST_STEP][PASSED] - click(findTestObject("Object Repository/Page_Unext_Campaign_Metric_Calender/Page_/svg_mat-datepicker-toggle-default-icon ng-s_f1b13c")): Object: 'Object Repository/Page_Unext_Campaign_Metric_Calender/Page_/svg_mat-datepicker-toggle-default-icon ng-s_f1b13c' is clicked on

19-01-2024T12:03:58 - [MESSAGE][INFO] - Unable to find the element located by 'By.xpath: '. Please recheck the objects properties to make sure the desired element is located. 

19-01-2024T12:03:58 - [MESSAGE][WARNING] - [SELF-HEALING] Failed to find element with id 'Object Repository/Page_Unext_Campaign_Metric_Calender/Page_/svg_mat-datepicker-toggle-default-icon ng-s_f1b13c'. Try using Self-healing.

19-01-2024T12:03:58 - [MESSAGE][WARNING] - [SELF-HEALING] The current locator of test object 'Object Repository/Page_Unext_Campaign_Metric_Calender/Page_/svg_mat-datepicker-toggle-default-icon ng-s_f1b13c' was broken. Propose an alternative one: 'svg.mat-datepicker-toggle-default-icon.ng-star-inserted'.

19-01-2024T12:03:58 - [MESSAGE][PASSED] - Object: 'Object Repository/Page_Unext_Campaign_Metric_Calender/Page_/svg_mat-datepicker-toggle-default-icon ng-s_f1b13c' is clicked on

19-01-2024T12:03:58 - [TEST_STEP][PASSED] - verifyElementClickable(findTestObject("Object Repository/Page_Unext_Campaign_Metric_Calender/Page_/svg_mat-calendar-arrow")): Object 'Object Repository/Page_Unext_Campaign_Metric_Calender/Page_/svg_mat-calendar-arrow' is clickable

19-01-2024T12:04:29 - [MESSAGE][INFO] - Unable to find the element located by 'By.xpath: '. Please recheck the objects properties to make sure the desired element is located. 

19-01-2024T12:04:29 - [MESSAGE][WARNING] - [SELF-HEALING] Failed to find element with id 'Object Repository/Page_Unext_Campaign_Metric_Calender/Page_/svg_mat-calendar-arrow'. Try using Self-healing.

19-01-2024T12:04:30 - [MESSAGE][WARNING] - [SELF-HEALING] The current locator of test object 'Object Repository/Page_Unext_Campaign_Metric_Calender/Page_/svg_mat-calendar-arrow' was broken. Propose an alternative one: 'svg.mat-calendar-arrow'.

19-01-2024T12:04:30 - [MESSAGE][PASSED] - Object 'Object Repository/Page_Unext_Campaign_Metric_Calender/Page_/svg_mat-calendar-arrow' is clickable

19-01-2024T12:04:30 - [TEST_STEP][PASSED] - click(findTestObject("Object Repository/Page_Unext_Campaign_Metric_Calender/Page_/svg_mat-calendar-arrow")): Object: 'Object Repository/Page_Unext_Campaign_Metric_Calender/Page_/svg_mat-calendar-arrow' is clicked on

19-01-2024T12:05:01 - [MESSAGE][INFO] - Unable to find the element located by 'By.xpath: '. Please recheck the objects properties to make sure the desired element is located. 

19-01-2024T12:05:01 - [MESSAGE][WARNING] - [SELF-HEALING] Failed to find element with id 'Object Repository/Page_Unext_Campaign_Metric_Calender/Page_/svg_mat-calendar-arrow'. Try using Self-healing.

19-01-2024T12:05:01 - [MESSAGE][WARNING] - [SELF-HEALING] The current locator of test object 'Object Repository/Page_Unext_Campaign_Metric_Calender/Page_/svg_mat-calendar-arrow' was broken. Propose an alternative one: 'svg.mat-calendar-arrow'.

19-01-2024T12:05:01 - [MESSAGE][PASSED] - Object: 'Object Repository/Page_Unext_Campaign_Metric_Calender/Page_/svg_mat-calendar-arrow' is clicked on

19-01-2024T12:05:01 - [TEST_STEP][PASSED] - click(findTestObject("Object Repository/Page_Unext_Campaign_Metric_Calender/Page_/span_2016  2039")): Object: 'Object Repository/Page_Unext_Campaign_Metric_Calender/Page_/span_2016  2039' is clicked on

19-01-2024T12:05:33 - [MESSAGE][INFO] - Unable to find the element located by 'By.xpath: //span[@id='mat-calendar-button-0']'. Please recheck the objects properties to make sure the desired element is located. 

19-01-2024T12:05:33 - [MESSAGE][WARNING] - [SELF-HEALING] Failed to find element with id 'Object Repository/Page_Unext_Campaign_Metric_Calender/Page_/span_2016  2039'. Try using Self-healing.

19-01-2024T12:05:33 - [MESSAGE][INFO] - [SELF-HEALING] Failed Locator: '//span[@id='mat-calendar-button-0']'.

19-01-2024T12:05:33 - [MESSAGE][INFO] - [SELF-HEALING] Working Locator: '//mat-calendar[@id='mat-datepicker-1']/mat-calendar-header/div/div/button/span/span'.

19-01-2024T12:05:34 - [MESSAGE][INFO] - [SELF-HEALING] Screenshot: C:/Users/Pavitra I R/Katalon Studio/Admetrics/Reports/Self-healing/Object Repository/Page_Unext_Campaign_Metric_Calender/Page_/span_2016  2039_idRelative.png

19-01-2024T12:05:34 - [MESSAGE][WARNING] - [SELF-HEALING] The current locator of test object 'Object Repository/Page_Unext_Campaign_Metric_Calender/Page_/span_2016  2039' was broken. Propose an alternative one: '//mat-calendar[@id='mat-datepicker-1']/mat-calendar-header/div/div/button/span/span'.

19-01-2024T12:05:34 - [MESSAGE][PASSED] - Object: 'Object Repository/Page_Unext_Campaign_Metric_Calender/Page_/span_2016  2039' is clicked on

19-01-2024T12:05:34 - [TEST_STEP][PASSED] - verifyElementClickable(findTestObject("Object Repository/Page_Unext_Campaign_Metric_Calender/Page_/button_mat-focus-indicator mat-calendar-pre_09dfc7")): Object 'Object Repository/Page_Unext_Campaign_Metric_Calender/Page_/button_mat-focus-indicator mat-calendar-pre_09dfc7' is clickable

19-01-2024T12:05:35 - [MESSAGE][PASSED] - Object 'Object Repository/Page_Unext_Campaign_Metric_Calender/Page_/button_mat-focus-indicator mat-calendar-pre_09dfc7' is clickable

19-01-2024T12:05:35 - [TEST_STEP][PASSED] - verifyElementClickable(findTestObject("Object Repository/Page_Unext_Campaign_Metric_Calender/Page_/button_mat-focus-indicator mat-calendar-pre_09dfc7")): Object 'Object Repository/Page_Unext_Campaign_Metric_Calender/Page_/button_mat-focus-indicator mat-calendar-pre_09dfc7' is clickable

19-01-2024T12:05:35 - [MESSAGE][PASSED] - Object 'Object Repository/Page_Unext_Campaign_Metric_Calender/Page_/button_mat-focus-indicator mat-calendar-pre_09dfc7' is clickable

19-01-2024T12:05:35 - [TEST_STEP][PASSED] - click(findTestObject("Object Repository/Page_Unext_Campaign_Metric_Calender/Page_/button_mat-focus-indicator mat-calendar-pre_09dfc7")): Object: 'Object Repository/Page_Unext_Campaign_Metric_Calender/Page_/button_mat-focus-indicator mat-calendar-pre_09dfc7' is clicked on

19-01-2024T12:05:35 - [MESSAGE][PASSED] - Object: 'Object Repository/Page_Unext_Campaign_Metric_Calender/Page_/button_mat-focus-indicator mat-calendar-pre_09dfc7' is clicked on

19-01-2024T12:05:35 - [TEST_STEP][PASSED] - click(findTestObject("Object Repository/Page_Unext_Campaign_Metric_Calender/Page_/div_1")): Object: 'Object Repository/Page_Unext_Campaign_Metric_Calender/Page_/div_1' is clicked on

19-01-2024T12:05:36 - [MESSAGE][PASSED] - Object: 'Object Repository/Page_Unext_Campaign_Metric_Calender/Page_/div_1' is clicked on

19-01-2024T12:05:36 - [TEST_STEP][PASSED] - click(findTestObject("Object Repository/Page_Unext_Campaign_Metric_Calender/Page_/div_31")): Object: 'Object Repository/Page_Unext_Campaign_Metric_Calender/Page_/div_31' is clicked on

19-01-2024T12:05:37 - [MESSAGE][PASSED] - Object: 'Object Repository/Page_Unext_Campaign_Metric_Calender/Page_/div_31' is clicked on]]></system-out>
         <system-err><![CDATA[]]></system-err>
      </testcase>
      <testcase name="Test Cases/Unext/test_unext_verify_channel" time="2.601" classname="Test Cases/Unext/test_unext_verify_channel" status="PASSED">
         <system-out><![CDATA[19-01-2024T12:05:37 - [TEST_CASE][PASSED] - Test Cases/Unext/test_unext_verify_channel: Test Cases/Unext/test_unext_verify_channel

19-01-2024T12:05:37 - [TEST_STEP][PASSED] - verifyElementText(findTestObject("Object Repository/Page_Unext_Verify_Channel/Page_/div_Select Channel"), "Select Channel"): Actual text and expected text of test object 'Object Repository/Page_Unext_Verify_Channel/Page_/div_Select Channel' are matched.

19-01-2024T12:05:38 - [MESSAGE][PASSED] - Actual text and expected text of test object 'Object Repository/Page_Unext_Verify_Channel/Page_/div_Select Channel' are matched.

19-01-2024T12:05:38 - [TEST_STEP][PASSED] - verifyElementClickable(findTestObject("Object Repository/Page_Unext_Verify_Channel/Page_/span_ng-arrow-wrapper")): Object 'Object Repository/Page_Unext_Verify_Channel/Page_/span_ng-arrow-wrapper' is clickable

19-01-2024T12:05:39 - [MESSAGE][PASSED] - Object 'Object Repository/Page_Unext_Verify_Channel/Page_/span_ng-arrow-wrapper' is clickable

19-01-2024T12:05:39 - [TEST_STEP][PASSED] - click(findTestObject("Object Repository/Page_Unext_Verify_Channel/Page_/span_ng-arrow-wrapper")): Object: 'Object Repository/Page_Unext_Verify_Channel/Page_/span_ng-arrow-wrapper' is clicked on

19-01-2024T12:05:39 - [MESSAGE][PASSED] - Object: 'Object Repository/Page_Unext_Verify_Channel/Page_/span_ng-arrow-wrapper' is clicked on

19-01-2024T12:05:39 - [TEST_STEP][PASSED] - options = findTestObject("Object Repository/Page_Channel_Dropdown_Verify/Page_/span_ng-arrow-wrapper"): null

19-01-2024T12:05:39 - [TEST_STEP][PASSED] - if (options): null

19-01-2024T12:05:39 - [TEST_STEP][PASSED] - println("Options are present in the unext channel dropdown"): null

19-01-2024T12:05:39 - [TEST_STEP][PASSED] - click(findTestObject("Object Repository/Page_Unext_Verify_Channel/Page_/span_ng-arrow-wrapper")): Object: 'Object Repository/Page_Unext_Verify_Channel/Page_/span_ng-arrow-wrapper' is clicked on

19-01-2024T12:05:40 - [MESSAGE][PASSED] - Object: 'Object Repository/Page_Unext_Verify_Channel/Page_/span_ng-arrow-wrapper' is clicked on]]></system-out>
         <system-err><![CDATA[]]></system-err>
      </testcase>
      <testcase name="Test Cases/Unext/test_unext_select_channel_dropdown" time="100.237" classname="Test Cases/Unext/test_unext_select_channel_dropdown" status="PASSED">
         <system-out><![CDATA[19-01-2024T12:05:40 - [TEST_CASE][PASSED] - Test Cases/Unext/test_unext_select_channel_dropdown: Test Cases/Unext/test_unext_select_channel_dropdown

19-01-2024T12:05:40 - [TEST_STEP][PASSED] - click(findTestObject("Object Repository/Page_Unext_Selected_Channel_Dropdown/Page_/span_ng-arrow-wrapper")): Object: 'Object Repository/Page_Unext_Selected_Channel_Dropdown/Page_/span_ng-arrow-wrapper' is clicked on

19-01-2024T12:05:40 - [MESSAGE][PASSED] - Object: 'Object Repository/Page_Unext_Selected_Channel_Dropdown/Page_/span_ng-arrow-wrapper' is clicked on

19-01-2024T12:05:40 - [TEST_STEP][PASSED] - click(findTestObject("Object Repository/Page_Unext_Selected_Channel_Dropdown/Page_/span_Facebook")): Object: 'Object Repository/Page_Unext_Selected_Channel_Dropdown/Page_/span_Facebook' is clicked on

19-01-2024T12:06:12 - [MESSAGE][INFO] - Unable to find the element located by 'By.xpath: //div[@id='a1a77d8da640-1']/span'. Please recheck the objects properties to make sure the desired element is located. 

19-01-2024T12:06:12 - [MESSAGE][WARNING] - [SELF-HEALING] Failed to find element with id 'Object Repository/Page_Unext_Selected_Channel_Dropdown/Page_/span_Facebook'. Try using Self-healing.

19-01-2024T12:06:12 - [MESSAGE][INFO] - [SELF-HEALING] Failed Locator: '//div[@id='a1a77d8da640-1']/span'.

19-01-2024T12:06:12 - [MESSAGE][INFO] - [SELF-HEALING] Working Locator: '//div[2]/div[2]/span'.

19-01-2024T12:06:13 - [MESSAGE][INFO] - [SELF-HEALING] Screenshot: C:/Users/Pavitra I R/Katalon Studio/Admetrics/Reports/Self-healing/Object Repository/Page_Unext_Selected_Channel_Dropdown/Page_/span_Facebook_position.png

19-01-2024T12:06:13 - [MESSAGE][WARNING] - [SELF-HEALING] The current locator of test object 'Object Repository/Page_Unext_Selected_Channel_Dropdown/Page_/span_Facebook' was broken. Propose an alternative one: '//div[2]/div[2]/span'.

19-01-2024T12:06:13 - [MESSAGE][PASSED] - Object: 'Object Repository/Page_Unext_Selected_Channel_Dropdown/Page_/span_Facebook' is clicked on

19-01-2024T12:06:13 - [TEST_STEP][PASSED] - click(findTestObject("Object Repository/Page_Unext_Selected_Channel_Dropdown/Page_/span_ng-arrow-wrapper")): Object: 'Object Repository/Page_Unext_Selected_Channel_Dropdown/Page_/span_ng-arrow-wrapper' is clicked on

19-01-2024T12:06:14 - [MESSAGE][PASSED] - Object: 'Object Repository/Page_Unext_Selected_Channel_Dropdown/Page_/span_ng-arrow-wrapper' is clicked on

19-01-2024T12:06:14 - [TEST_STEP][PASSED] - click(findTestObject("Object Repository/Page_Unext_Selected_Channel_Dropdown/Page_/span_LinkedIn")): Object: 'Object Repository/Page_Unext_Selected_Channel_Dropdown/Page_/span_LinkedIn' is clicked on

19-01-2024T12:06:45 - [MESSAGE][INFO] - Unable to find the element located by 'By.xpath: //div[@id='a413878ccb88-2']/span'. Please recheck the objects properties to make sure the desired element is located. 

19-01-2024T12:06:45 - [MESSAGE][WARNING] - [SELF-HEALING] Failed to find element with id 'Object Repository/Page_Unext_Selected_Channel_Dropdown/Page_/span_LinkedIn'. Try using Self-healing.

19-01-2024T12:06:46 - [MESSAGE][INFO] - [SELF-HEALING] Failed Locator: '//div[@id='a413878ccb88-2']/span'.

19-01-2024T12:06:46 - [MESSAGE][INFO] - [SELF-HEALING] Working Locator: '//div[3]/span'.

19-01-2024T12:06:46 - [MESSAGE][INFO] - [SELF-HEALING] Screenshot: C:/Users/Pavitra I R/Katalon Studio/Admetrics/Reports/Self-healing/Object Repository/Page_Unext_Selected_Channel_Dropdown/Page_/span_LinkedIn_position.png

19-01-2024T12:06:46 - [MESSAGE][WARNING] - [SELF-HEALING] The current locator of test object 'Object Repository/Page_Unext_Selected_Channel_Dropdown/Page_/span_LinkedIn' was broken. Propose an alternative one: '//div[3]/span'.

19-01-2024T12:06:46 - [MESSAGE][PASSED] - Object: 'Object Repository/Page_Unext_Selected_Channel_Dropdown/Page_/span_LinkedIn' is clicked on

19-01-2024T12:06:46 - [TEST_STEP][PASSED] - click(findTestObject("Object Repository/Page_Unext_Selected_Channel_Dropdown/Page_/span_ng-arrow-wrapper")): Object: 'Object Repository/Page_Unext_Selected_Channel_Dropdown/Page_/span_ng-arrow-wrapper' is clicked on

19-01-2024T12:06:48 - [MESSAGE][PASSED] - Object: 'Object Repository/Page_Unext_Selected_Channel_Dropdown/Page_/span_ng-arrow-wrapper' is clicked on

19-01-2024T12:06:48 - [TEST_STEP][PASSED] - click(findTestObject("Object Repository/Page_Unext_Selected_Channel_Dropdown/Page_/span_Google Ads")): Object: 'Object Repository/Page_Unext_Selected_Channel_Dropdown/Page_/span_Google Ads' is clicked on

19-01-2024T12:07:19 - [MESSAGE][INFO] - Unable to find the element located by 'By.xpath: //div[@id='ad6648fbfc8f-0']/span'. Please recheck the objects properties to make sure the desired element is located. 

19-01-2024T12:07:19 - [MESSAGE][WARNING] - [SELF-HEALING] Failed to find element with id 'Object Repository/Page_Unext_Selected_Channel_Dropdown/Page_/span_Google Ads'. Try using Self-healing.

19-01-2024T12:07:19 - [MESSAGE][INFO] - [SELF-HEALING] Failed Locator: '//div[@id='ad6648fbfc8f-0']/span'.

19-01-2024T12:07:20 - [MESSAGE][INFO] - [SELF-HEALING] Working Locator: '//div[2]/div/span'.

19-01-2024T12:07:20 - [MESSAGE][INFO] - [SELF-HEALING] Screenshot: C:/Users/Pavitra I R/Katalon Studio/Admetrics/Reports/Self-healing/Object Repository/Page_Unext_Selected_Channel_Dropdown/Page_/span_Google Ads_position.png

19-01-2024T12:07:20 - [MESSAGE][WARNING] - [SELF-HEALING] The current locator of test object 'Object Repository/Page_Unext_Selected_Channel_Dropdown/Page_/span_Google Ads' was broken. Propose an alternative one: '//div[2]/div/span'.

19-01-2024T12:07:20 - [MESSAGE][PASSED] - Object: 'Object Repository/Page_Unext_Selected_Channel_Dropdown/Page_/span_Google Ads' is clicked on]]></system-out>
         <system-err><![CDATA[]]></system-err>
      </testcase>
      <testcase name="Test Cases/Unext/test_unext_verify_status" time="3.24" classname="Test Cases/Unext/test_unext_verify_status" status="PASSED">
         <system-out><![CDATA[19-01-2024T12:07:20 - [TEST_CASE][PASSED] - Test Cases/Unext/test_unext_verify_status: Test Cases/Unext/test_unext_verify_status

19-01-2024T12:07:20 - [TEST_STEP][PASSED] - verifyElementText(findTestObject("Object Repository/Page_Unext_Verify_Status/Page_/div_Select Campaign Status"), "Select Campaign Status"): Actual text and expected text of test object 'Object Repository/Page_Unext_Verify_Status/Page_/div_Select Campaign Status' are matched.

19-01-2024T12:07:22 - [MESSAGE][PASSED] - Actual text and expected text of test object 'Object Repository/Page_Unext_Verify_Status/Page_/div_Select Campaign Status' are matched.

19-01-2024T12:07:22 - [TEST_STEP][PASSED] - verifyElementClickable(findTestObject("Object Repository/Page_Unext_Verify_Status/Page_/span_ng-arrow-wrapper")): Object 'Object Repository/Page_Unext_Verify_Status/Page_/span_ng-arrow-wrapper' is clickable

19-01-2024T12:07:22 - [MESSAGE][PASSED] - Object 'Object Repository/Page_Unext_Verify_Status/Page_/span_ng-arrow-wrapper' is clickable

19-01-2024T12:07:22 - [TEST_STEP][PASSED] - click(findTestObject("Object Repository/Page_Unext_Verify_Status/Page_/span_ng-arrow-wrapper")): Object: 'Object Repository/Page_Unext_Verify_Status/Page_/span_ng-arrow-wrapper' is clicked on

19-01-2024T12:07:23 - [MESSAGE][PASSED] - Object: 'Object Repository/Page_Unext_Verify_Status/Page_/span_ng-arrow-wrapper' is clicked on

19-01-2024T12:07:23 - [TEST_STEP][PASSED] - options = findTestObject("Object Repository/Page_Channel_Dropdown_Verify/Page_/span_ng-arrow-wrapper"): null

19-01-2024T12:07:23 - [TEST_STEP][PASSED] - if (options): null

19-01-2024T12:07:23 - [TEST_STEP][PASSED] - println("Options are present in the channel dropdown"): null

19-01-2024T12:07:23 - [TEST_STEP][PASSED] - click(findTestObject("Object Repository/Page_Unext_Verify_Status/Page_/span_ng-arrow-wrapper")): Object: 'Object Repository/Page_Unext_Verify_Status/Page_/span_ng-arrow-wrapper' is clicked on

19-01-2024T12:07:23 - [MESSAGE][PASSED] - Object: 'Object Repository/Page_Unext_Verify_Status/Page_/span_ng-arrow-wrapper' is clicked on]]></system-out>
         <system-err><![CDATA[]]></system-err>
      </testcase>
      <testcase name="Test Cases/Unext/test_unxt_select_status_dropdown" time="167.929" classname="Test Cases/Unext/test_unxt_select_status_dropdown" status="PASSED">
         <system-out><![CDATA[19-01-2024T12:07:23 - [TEST_CASE][PASSED] - Test Cases/Unext/test_unxt_select_status_dropdown: Test Cases/Unext/test_unxt_select_status_dropdown

19-01-2024T12:07:24 - [TEST_STEP][PASSED] - click(findTestObject("Object Repository/Page_Unext_Select_Status_Dropdown/Page_/span_ng-arrow-wrapper")): Object: 'Object Repository/Page_Unext_Select_Status_Dropdown/Page_/span_ng-arrow-wrapper' is clicked on

19-01-2024T12:07:24 - [MESSAGE][PASSED] - Object: 'Object Repository/Page_Unext_Select_Status_Dropdown/Page_/span_ng-arrow-wrapper' is clicked on

19-01-2024T12:07:24 - [TEST_STEP][PASSED] - click(findTestObject("Object Repository/Page_Unext_Select_Status_Dropdown/Page_/span_ACTIVE")): Object: 'Object Repository/Page_Unext_Select_Status_Dropdown/Page_/span_ACTIVE' is clicked on

19-01-2024T12:07:55 - [MESSAGE][INFO] - Unable to find the element located by 'By.xpath: //div[@id='aa2a7dcde7d8-1']/span'. Please recheck the objects properties to make sure the desired element is located. 

19-01-2024T12:07:55 - [MESSAGE][WARNING] - [SELF-HEALING] Failed to find element with id 'Object Repository/Page_Unext_Select_Status_Dropdown/Page_/span_ACTIVE'. Try using Self-healing.

19-01-2024T12:07:56 - [MESSAGE][INFO] - [SELF-HEALING] Failed Locator: '//div[@id='aa2a7dcde7d8-1']/span'.

19-01-2024T12:07:56 - [MESSAGE][INFO] - [SELF-HEALING] Working Locator: '//div[2]/div[2]/span'.

19-01-2024T12:07:56 - [MESSAGE][INFO] - [SELF-HEALING] Screenshot: C:/Users/Pavitra I R/Katalon Studio/Admetrics/Reports/Self-healing/Object Repository/Page_Unext_Select_Status_Dropdown/Page_/span_ACTIVE_position.png

19-01-2024T12:07:56 - [MESSAGE][WARNING] - [SELF-HEALING] The current locator of test object 'Object Repository/Page_Unext_Select_Status_Dropdown/Page_/span_ACTIVE' was broken. Propose an alternative one: '//div[2]/div[2]/span'.

19-01-2024T12:07:56 - [MESSAGE][PASSED] - Object: 'Object Repository/Page_Unext_Select_Status_Dropdown/Page_/span_ACTIVE' is clicked on

19-01-2024T12:07:56 - [TEST_STEP][PASSED] - click(findTestObject("Object Repository/Page_Unext_Select_Status_Dropdown/Page_/span_ng-arrow-wrapper")): Object: 'Object Repository/Page_Unext_Select_Status_Dropdown/Page_/span_ng-arrow-wrapper' is clicked on

19-01-2024T12:07:58 - [MESSAGE][PASSED] - Object: 'Object Repository/Page_Unext_Select_Status_Dropdown/Page_/span_ng-arrow-wrapper' is clicked on

19-01-2024T12:07:58 - [TEST_STEP][PASSED] - click(findTestObject("Object Repository/Page_Unext_Select_Status_Dropdown/Page_/span_COMPLETED")): Object: 'Object Repository/Page_Unext_Select_Status_Dropdown/Page_/span_COMPLETED' is clicked on

19-01-2024T12:08:29 - [MESSAGE][INFO] - Unable to find the element located by 'By.xpath: //div[@id='a1c970502b0e-2']/span'. Please recheck the objects properties to make sure the desired element is located. 

19-01-2024T12:08:29 - [MESSAGE][WARNING] - [SELF-HEALING] Failed to find element with id 'Object Repository/Page_Unext_Select_Status_Dropdown/Page_/span_COMPLETED'. Try using Self-healing.

19-01-2024T12:08:29 - [MESSAGE][INFO] - [SELF-HEALING] Failed Locator: '//div[@id='a1c970502b0e-2']/span'.

19-01-2024T12:08:30 - [MESSAGE][INFO] - [SELF-HEALING] Working Locator: '//div[3]/span'.

19-01-2024T12:08:30 - [MESSAGE][INFO] - [SELF-HEALING] Screenshot: C:/Users/Pavitra I R/Katalon Studio/Admetrics/Reports/Self-healing/Object Repository/Page_Unext_Select_Status_Dropdown/Page_/span_COMPLETED_position.png

19-01-2024T12:08:30 - [MESSAGE][WARNING] - [SELF-HEALING] The current locator of test object 'Object Repository/Page_Unext_Select_Status_Dropdown/Page_/span_COMPLETED' was broken. Propose an alternative one: '//div[3]/span'.

19-01-2024T12:08:30 - [MESSAGE][PASSED] - Object: 'Object Repository/Page_Unext_Select_Status_Dropdown/Page_/span_COMPLETED' is clicked on

19-01-2024T12:08:30 - [TEST_STEP][PASSED] - click(findTestObject("Object Repository/Page_Unext_Select_Status_Dropdown/Page_/span_ng-arrow-wrapper")): Object: 'Object Repository/Page_Unext_Select_Status_Dropdown/Page_/span_ng-arrow-wrapper' is clicked on

19-01-2024T12:08:31 - [MESSAGE][PASSED] - Object: 'Object Repository/Page_Unext_Select_Status_Dropdown/Page_/span_ng-arrow-wrapper' is clicked on

19-01-2024T12:08:31 - [TEST_STEP][PASSED] - click(findTestObject("Object Repository/Page_Unext_Select_Status_Dropdown/Page_/span_DRAFT")): Object: 'Object Repository/Page_Unext_Select_Status_Dropdown/Page_/span_DRAFT' is clicked on

19-01-2024T12:09:03 - [MESSAGE][INFO] - Unable to find the element located by 'By.xpath: //div[@id='afb1ab2ce352-3']/span'. Please recheck the objects properties to make sure the desired element is located. 

19-01-2024T12:09:03 - [MESSAGE][WARNING] - [SELF-HEALING] Failed to find element with id 'Object Repository/Page_Unext_Select_Status_Dropdown/Page_/span_DRAFT'. Try using Self-healing.

19-01-2024T12:09:03 - [MESSAGE][INFO] - [SELF-HEALING] Failed Locator: '//div[@id='afb1ab2ce352-3']/span'.

19-01-2024T12:09:03 - [MESSAGE][INFO] - [SELF-HEALING] Working Locator: '//div[4]/span'.

19-01-2024T12:09:04 - [MESSAGE][INFO] - [SELF-HEALING] Screenshot: C:/Users/Pavitra I R/Katalon Studio/Admetrics/Reports/Self-healing/Object Repository/Page_Unext_Select_Status_Dropdown/Page_/span_DRAFT_position.png

19-01-2024T12:09:04 - [MESSAGE][WARNING] - [SELF-HEALING] The current locator of test object 'Object Repository/Page_Unext_Select_Status_Dropdown/Page_/span_DRAFT' was broken. Propose an alternative one: '//div[4]/span'.

19-01-2024T12:09:04 - [MESSAGE][PASSED] - Object: 'Object Repository/Page_Unext_Select_Status_Dropdown/Page_/span_DRAFT' is clicked on

19-01-2024T12:09:04 - [TEST_STEP][PASSED] - click(findTestObject("Object Repository/Page_Unext_Select_Status_Dropdown/Page_/span_ng-arrow-wrapper")): Object: 'Object Repository/Page_Unext_Select_Status_Dropdown/Page_/span_ng-arrow-wrapper' is clicked on

19-01-2024T12:09:05 - [MESSAGE][PASSED] - Object: 'Object Repository/Page_Unext_Select_Status_Dropdown/Page_/span_ng-arrow-wrapper' is clicked on

19-01-2024T12:09:05 - [TEST_STEP][PASSED] - click(findTestObject("Object Repository/Page_Unext_Select_Status_Dropdown/Page_/span_PAUSED")): Object: 'Object Repository/Page_Unext_Select_Status_Dropdown/Page_/span_PAUSED' is clicked on

19-01-2024T12:09:36 - [MESSAGE][INFO] - Unable to find the element located by 'By.xpath: //div[@id='a7d0356c3ca7-4']/span'. Please recheck the objects properties to make sure the desired element is located. 

19-01-2024T12:09:36 - [MESSAGE][WARNING] - [SELF-HEALING] Failed to find element with id 'Object Repository/Page_Unext_Select_Status_Dropdown/Page_/span_PAUSED'. Try using Self-healing.

19-01-2024T12:09:37 - [MESSAGE][INFO] - [SELF-HEALING] Failed Locator: '//div[@id='a7d0356c3ca7-4']/span'.

19-01-2024T12:09:37 - [MESSAGE][INFO] - [SELF-HEALING] Working Locator: '//div[5]/span'.

19-01-2024T12:09:37 - [MESSAGE][INFO] - [SELF-HEALING] Screenshot: C:/Users/Pavitra I R/Katalon Studio/Admetrics/Reports/Self-healing/Object Repository/Page_Unext_Select_Status_Dropdown/Page_/span_PAUSED_position.png

19-01-2024T12:09:37 - [MESSAGE][WARNING] - [SELF-HEALING] The current locator of test object 'Object Repository/Page_Unext_Select_Status_Dropdown/Page_/span_PAUSED' was broken. Propose an alternative one: '//div[5]/span'.

19-01-2024T12:09:37 - [MESSAGE][PASSED] - Object: 'Object Repository/Page_Unext_Select_Status_Dropdown/Page_/span_PAUSED' is clicked on

19-01-2024T12:09:37 - [TEST_STEP][PASSED] - click(findTestObject("Object Repository/Page_Unext_Select_Status_Dropdown/Page_/span_ng-arrow-wrapper")): Object: 'Object Repository/Page_Unext_Select_Status_Dropdown/Page_/span_ng-arrow-wrapper' is clicked on

19-01-2024T12:09:39 - [MESSAGE][PASSED] - Object: 'Object Repository/Page_Unext_Select_Status_Dropdown/Page_/span_ng-arrow-wrapper' is clicked on

19-01-2024T12:09:39 - [TEST_STEP][PASSED] - click(findTestObject("Object Repository/Page_Unext_Select_Status_Dropdown/Page_/span_ENABLED")): Object: 'Object Repository/Page_Unext_Select_Status_Dropdown/Page_/span_ENABLED' is clicked on

19-01-2024T12:10:10 - [MESSAGE][INFO] - Unable to find the element located by 'By.xpath: //div[@id='a4aa7bc8f9a8-0']/span'. Please recheck the objects properties to make sure the desired element is located. 

19-01-2024T12:10:10 - [MESSAGE][WARNING] - [SELF-HEALING] Failed to find element with id 'Object Repository/Page_Unext_Select_Status_Dropdown/Page_/span_ENABLED'. Try using Self-healing.

19-01-2024T12:10:11 - [MESSAGE][INFO] - [SELF-HEALING] Failed Locator: '//div[@id='a4aa7bc8f9a8-0']/span'.

19-01-2024T12:10:11 - [MESSAGE][INFO] - [SELF-HEALING] Working Locator: '//div[2]/div/span'.

19-01-2024T12:10:11 - [MESSAGE][INFO] - [SELF-HEALING] Screenshot: C:/Users/Pavitra I R/Katalon Studio/Admetrics/Reports/Self-healing/Object Repository/Page_Unext_Select_Status_Dropdown/Page_/span_ENABLED_position.png

19-01-2024T12:10:11 - [MESSAGE][WARNING] - [SELF-HEALING] The current locator of test object 'Object Repository/Page_Unext_Select_Status_Dropdown/Page_/span_ENABLED' was broken. Propose an alternative one: '//div[2]/div/span'.

19-01-2024T12:10:11 - [MESSAGE][PASSED] - Object: 'Object Repository/Page_Unext_Select_Status_Dropdown/Page_/span_ENABLED' is clicked on]]></system-out>
         <system-err><![CDATA[]]></system-err>
      </testcase>
      <testcase name="Test Cases/Unext/test_unext_verify_name" time="2.897" classname="Test Cases/Unext/test_unext_verify_name" status="PASSED">
         <system-out><![CDATA[19-01-2024T12:10:11 - [TEST_CASE][PASSED] - Test Cases/Unext/test_unext_verify_name: Test Cases/Unext/test_unext_verify_name

19-01-2024T12:10:12 - [TEST_STEP][PASSED] - verifyElementText(findTestObject("Object Repository/Page_Unext_verify_Name/Page_/input_text"), ""): Actual text and expected text of test object 'Object Repository/Page_Unext_verify_Name/Page_/input_text' are matched.

19-01-2024T12:10:13 - [MESSAGE][PASSED] - Actual text and expected text of test object 'Object Repository/Page_Unext_verify_Name/Page_/input_text' are matched.

19-01-2024T12:10:13 - [TEST_STEP][PASSED] - verifyElementClickable(findTestObject("Object Repository/Page_Unext_verify_Name/Page_/span_ng-arrow-wrapper")): Object 'Object Repository/Page_Unext_verify_Name/Page_/span_ng-arrow-wrapper' is clickable

19-01-2024T12:10:13 - [MESSAGE][PASSED] - Object 'Object Repository/Page_Unext_verify_Name/Page_/span_ng-arrow-wrapper' is clickable

19-01-2024T12:10:13 - [TEST_STEP][PASSED] - click(findTestObject("Object Repository/Page_Unext_verify_Name/Page_/span_ng-arrow-wrapper_1")): Object: 'Object Repository/Page_Unext_verify_Name/Page_/span_ng-arrow-wrapper_1' is clicked on

19-01-2024T12:10:14 - [MESSAGE][PASSED] - Object: 'Object Repository/Page_Unext_verify_Name/Page_/span_ng-arrow-wrapper_1' is clicked on

19-01-2024T12:10:14 - [TEST_STEP][PASSED] - options = findTestObject("Object Repository/Page_Channel_Dropdown_Verify/Page_/span_ng-arrow-wrapper"): null

19-01-2024T12:10:14 - [TEST_STEP][PASSED] - if (options): null

19-01-2024T12:10:14 - [TEST_STEP][PASSED] - println("Options are present in the channel dropdown"): null

19-01-2024T12:10:14 - [TEST_STEP][PASSED] - click(findTestObject("Object Repository/Page_Unext_verify_Name/Page_/span_ng-arrow-wrapper_1_2")): Object: 'Object Repository/Page_Unext_verify_Name/Page_/span_ng-arrow-wrapper_1_2' is clicked on

19-01-2024T12:10:14 - [MESSAGE][PASSED] - Object: 'Object Repository/Page_Unext_verify_Name/Page_/span_ng-arrow-wrapper_1_2' is clicked on]]></system-out>
         <system-err><![CDATA[]]></system-err>
      </testcase>
      <testcase name="Test Cases/Unext/test_unext_select_name_dropdown" time="578.219" classname="Test Cases/Unext/test_unext_select_name_dropdown" status="PASSED">
         <system-out><![CDATA[19-01-2024T12:10:14 - [TEST_CASE][PASSED] - Test Cases/Unext/test_unext_select_name_dropdown: Test Cases/Unext/test_unext_select_name_dropdown

19-01-2024T12:10:14 - [TEST_STEP][PASSED] - click(findTestObject("Object Repository/Page_Unext_Select_Name_Dropdwon/Page_/span_ng-arrow-wrapper")): Object: 'Object Repository/Page_Unext_Select_Name_Dropdwon/Page_/span_ng-arrow-wrapper' is clicked on

19-01-2024T12:10:15 - [MESSAGE][PASSED] - Object: 'Object Repository/Page_Unext_Select_Name_Dropdwon/Page_/span_ng-arrow-wrapper' is clicked on

19-01-2024T12:10:15 - [TEST_STEP][PASSED] - click(findTestObject("Object Repository/Page_Unext_Select_Name_Dropdwon/Page_/div_Brand Campaign - 2023")): Object: 'Object Repository/Page_Unext_Select_Name_Dropdwon/Page_/div_Brand Campaign - 2023' is clicked on

19-01-2024T12:10:46 - [MESSAGE][INFO] - Unable to find the element located by 'By.xpath: //div[@id='a4cecaed5c61-0']/div'. Please recheck the objects properties to make sure the desired element is located. 

19-01-2024T12:10:46 - [MESSAGE][WARNING] - [SELF-HEALING] Failed to find element with id 'Object Repository/Page_Unext_Select_Name_Dropdwon/Page_/div_Brand Campaign - 2023'. Try using Self-healing.

19-01-2024T12:10:47 - [MESSAGE][INFO] - [SELF-HEALING] Failed Locator: '//div[@id='a4cecaed5c61-0']/div'.

19-01-2024T12:10:47 - [MESSAGE][INFO] - [SELF-HEALING] Working Locator: '//div[2]/div[2]/div/div'.

19-01-2024T12:10:47 - [MESSAGE][INFO] - [SELF-HEALING] Screenshot: C:/Users/Pavitra I R/Katalon Studio/Admetrics/Reports/Self-healing/Object Repository/Page_Unext_Select_Name_Dropdwon/Page_/div_Brand Campaign - 2023_position.png

19-01-2024T12:10:47 - [MESSAGE][WARNING] - [SELF-HEALING] The current locator of test object 'Object Repository/Page_Unext_Select_Name_Dropdwon/Page_/div_Brand Campaign - 2023' was broken. Propose an alternative one: '//div[2]/div[2]/div/div'.

19-01-2024T12:10:47 - [MESSAGE][PASSED] - Object: 'Object Repository/Page_Unext_Select_Name_Dropdwon/Page_/div_Brand Campaign - 2023' is clicked on

19-01-2024T12:10:47 - [TEST_STEP][PASSED] - click(findTestObject("Object Repository/Page_Unext_Select_Name_Dropdwon/Page_/div_Career Assist - Brand")): Object: 'Object Repository/Page_Unext_Select_Name_Dropdwon/Page_/div_Career Assist - Brand' is clicked on

19-01-2024T12:11:19 - [MESSAGE][INFO] - Unable to find the element located by 'By.xpath: //div[@id='a4cecaed5c61-1']/div'. Please recheck the objects properties to make sure the desired element is located. 

19-01-2024T12:11:19 - [MESSAGE][WARNING] - [SELF-HEALING] Failed to find element with id 'Object Repository/Page_Unext_Select_Name_Dropdwon/Page_/div_Career Assist - Brand'. Try using Self-healing.

19-01-2024T12:11:19 - [MESSAGE][INFO] - [SELF-HEALING] Failed Locator: '//div[@id='a4cecaed5c61-1']/div'.

19-01-2024T12:11:19 - [MESSAGE][INFO] - [SELF-HEALING] Working Locator: '//div[2]/div[2]/div[2]/div'.

19-01-2024T12:11:20 - [MESSAGE][INFO] - [SELF-HEALING] Screenshot: C:/Users/Pavitra I R/Katalon Studio/Admetrics/Reports/Self-healing/Object Repository/Page_Unext_Select_Name_Dropdwon/Page_/div_Career Assist - Brand_position.png

19-01-2024T12:11:20 - [MESSAGE][WARNING] - [SELF-HEALING] The current locator of test object 'Object Repository/Page_Unext_Select_Name_Dropdwon/Page_/div_Career Assist - Brand' was broken. Propose an alternative one: '//div[2]/div[2]/div[2]/div'.

19-01-2024T12:11:20 - [MESSAGE][PASSED] - Object: 'Object Repository/Page_Unext_Select_Name_Dropdwon/Page_/div_Career Assist - Brand' is clicked on

19-01-2024T12:11:20 - [TEST_STEP][PASSED] - click(findTestObject("Object Repository/Page_Unext_Select_Name_Dropdwon/Page_/div_Discovery_Custom_BBA")): Object: 'Object Repository/Page_Unext_Select_Name_Dropdwon/Page_/div_Discovery_Custom_BBA' is clicked on

19-01-2024T12:11:51 - [MESSAGE][INFO] - Unable to find the element located by 'By.xpath: //div[@id='a4cecaed5c61-2']/div'. Please recheck the objects properties to make sure the desired element is located. 

19-01-2024T12:11:51 - [MESSAGE][WARNING] - [SELF-HEALING] Failed to find element with id 'Object Repository/Page_Unext_Select_Name_Dropdwon/Page_/div_Discovery_Custom_BBA'. Try using Self-healing.

19-01-2024T12:11:51 - [MESSAGE][INFO] - [SELF-HEALING] Failed Locator: '//div[@id='a4cecaed5c61-2']/div'.

19-01-2024T12:11:52 - [MESSAGE][INFO] - [SELF-HEALING] Working Locator: '//div[2]/div[3]/div'.

19-01-2024T12:11:52 - [MESSAGE][INFO] - [SELF-HEALING] Screenshot: C:/Users/Pavitra I R/Katalon Studio/Admetrics/Reports/Self-healing/Object Repository/Page_Unext_Select_Name_Dropdwon/Page_/div_Discovery_Custom_BBA_position.png

19-01-2024T12:11:52 - [MESSAGE][WARNING] - [SELF-HEALING] The current locator of test object 'Object Repository/Page_Unext_Select_Name_Dropdwon/Page_/div_Discovery_Custom_BBA' was broken. Propose an alternative one: '//div[2]/div[3]/div'.

19-01-2024T12:11:52 - [MESSAGE][PASSED] - Object: 'Object Repository/Page_Unext_Select_Name_Dropdwon/Page_/div_Discovery_Custom_BBA' is clicked on

19-01-2024T12:11:52 - [TEST_STEP][PASSED] - click(findTestObject("Object Repository/Page_Unext_Select_Name_Dropdwon/Page_/div_Discovery_Custom_BCA")): Object: 'Object Repository/Page_Unext_Select_Name_Dropdwon/Page_/div_Discovery_Custom_BCA' is clicked on

19-01-2024T12:12:23 - [MESSAGE][INFO] - Unable to find the element located by 'By.xpath: //div[@id='a4cecaed5c61-3']/div'. Please recheck the objects properties to make sure the desired element is located. 

19-01-2024T12:12:23 - [MESSAGE][WARNING] - [SELF-HEALING] Failed to find element with id 'Object Repository/Page_Unext_Select_Name_Dropdwon/Page_/div_Discovery_Custom_BCA'. Try using Self-healing.

19-01-2024T12:12:24 - [MESSAGE][INFO] - [SELF-HEALING] Failed Locator: '//div[@id='a4cecaed5c61-3']/div'.

19-01-2024T12:12:24 - [MESSAGE][INFO] - [SELF-HEALING] Working Locator: '//div[4]/div'.

19-01-2024T12:12:24 - [MESSAGE][INFO] - [SELF-HEALING] Screenshot: C:/Users/Pavitra I R/Katalon Studio/Admetrics/Reports/Self-healing/Object Repository/Page_Unext_Select_Name_Dropdwon/Page_/div_Discovery_Custom_BCA_position.png

19-01-2024T12:12:24 - [MESSAGE][WARNING] - [SELF-HEALING] The current locator of test object 'Object Repository/Page_Unext_Select_Name_Dropdwon/Page_/div_Discovery_Custom_BCA' was broken. Propose an alternative one: '//div[4]/div'.

19-01-2024T12:12:24 - [MESSAGE][PASSED] - Object: 'Object Repository/Page_Unext_Select_Name_Dropdwon/Page_/div_Discovery_Custom_BCA' is clicked on

19-01-2024T12:12:24 - [TEST_STEP][PASSED] - click(findTestObject("Object Repository/Page_Unext_Select_Name_Dropdwon/Page_/div_Discovery_Custom_Keywords_After12")): Object: 'Object Repository/Page_Unext_Select_Name_Dropdwon/Page_/div_Discovery_Custom_Keywords_After12' is clicked on

19-01-2024T12:12:56 - [MESSAGE][INFO] - Unable to find the element located by 'By.xpath: //div[@id='a4cecaed5c61-4']/div'. Please recheck the objects properties to make sure the desired element is located. 

19-01-2024T12:12:56 - [MESSAGE][WARNING] - [SELF-HEALING] Failed to find element with id 'Object Repository/Page_Unext_Select_Name_Dropdwon/Page_/div_Discovery_Custom_Keywords_After12'. Try using Self-healing.

19-01-2024T12:12:56 - [MESSAGE][INFO] - [SELF-HEALING] Failed Locator: '//div[@id='a4cecaed5c61-4']/div'.

19-01-2024T12:12:56 - [MESSAGE][INFO] - [SELF-HEALING] Working Locator: '//div[5]/div'.

19-01-2024T12:12:57 - [MESSAGE][INFO] - [SELF-HEALING] Screenshot: C:/Users/Pavitra I R/Katalon Studio/Admetrics/Reports/Self-healing/Object Repository/Page_Unext_Select_Name_Dropdwon/Page_/div_Discovery_Custom_Keywords_After12_position.png

19-01-2024T12:12:57 - [MESSAGE][WARNING] - [SELF-HEALING] The current locator of test object 'Object Repository/Page_Unext_Select_Name_Dropdwon/Page_/div_Discovery_Custom_Keywords_After12' was broken. Propose an alternative one: '//div[5]/div'.

19-01-2024T12:12:57 - [MESSAGE][PASSED] - Object: 'Object Repository/Page_Unext_Select_Name_Dropdwon/Page_/div_Discovery_Custom_Keywords_After12' is clicked on

19-01-2024T12:12:57 - [TEST_STEP][PASSED] - click(findTestObject("Object Repository/Page_Unext_Select_Name_Dropdwon/Page_/div_Discovery_Custom_KWs")): Object: 'Object Repository/Page_Unext_Select_Name_Dropdwon/Page_/div_Discovery_Custom_KWs' is clicked on

19-01-2024T12:13:28 - [MESSAGE][INFO] - Unable to find the element located by 'By.xpath: //div[@id='a4cecaed5c61-5']/div'. Please recheck the objects properties to make sure the desired element is located. 

19-01-2024T12:13:28 - [MESSAGE][WARNING] - [SELF-HEALING] Failed to find element with id 'Object Repository/Page_Unext_Select_Name_Dropdwon/Page_/div_Discovery_Custom_KWs'. Try using Self-healing.

19-01-2024T12:13:28 - [MESSAGE][INFO] - [SELF-HEALING] Failed Locator: '//div[@id='a4cecaed5c61-5']/div'.

19-01-2024T12:13:29 - [MESSAGE][INFO] - [SELF-HEALING] Working Locator: '//div[6]/div'.

19-01-2024T12:13:29 - [MESSAGE][INFO] - [SELF-HEALING] Screenshot: C:/Users/Pavitra I R/Katalon Studio/Admetrics/Reports/Self-healing/Object Repository/Page_Unext_Select_Name_Dropdwon/Page_/div_Discovery_Custom_KWs_position.png

19-01-2024T12:13:29 - [MESSAGE][WARNING] - [SELF-HEALING] The current locator of test object 'Object Repository/Page_Unext_Select_Name_Dropdwon/Page_/div_Discovery_Custom_KWs' was broken. Propose an alternative one: '//div[6]/div'.

19-01-2024T12:13:29 - [MESSAGE][PASSED] - Object: 'Object Repository/Page_Unext_Select_Name_Dropdwon/Page_/div_Discovery_Custom_KWs' is clicked on

19-01-2024T12:13:29 - [TEST_STEP][PASSED] - click(findTestObject("Object Repository/Page_Unext_Select_Name_Dropdwon/Page_/div_Discovery_Custom_MBA")): Object: 'Object Repository/Page_Unext_Select_Name_Dropdwon/Page_/div_Discovery_Custom_MBA' is clicked on

19-01-2024T12:14:00 - [MESSAGE][INFO] - Unable to find the element located by 'By.xpath: //div[@id='a4cecaed5c61-6']/div'. Please recheck the objects properties to make sure the desired element is located. 

19-01-2024T12:14:00 - [MESSAGE][WARNING] - [SELF-HEALING] Failed to find element with id 'Object Repository/Page_Unext_Select_Name_Dropdwon/Page_/div_Discovery_Custom_MBA'. Try using Self-healing.

19-01-2024T12:14:01 - [MESSAGE][INFO] - [SELF-HEALING] Failed Locator: '//div[@id='a4cecaed5c61-6']/div'.

19-01-2024T12:14:01 - [MESSAGE][INFO] - [SELF-HEALING] Working Locator: '//div[7]/div'.

19-01-2024T12:14:01 - [MESSAGE][INFO] - [SELF-HEALING] Screenshot: C:/Users/Pavitra I R/Katalon Studio/Admetrics/Reports/Self-healing/Object Repository/Page_Unext_Select_Name_Dropdwon/Page_/div_Discovery_Custom_MBA_position.png

19-01-2024T12:14:01 - [MESSAGE][WARNING] - [SELF-HEALING] The current locator of test object 'Object Repository/Page_Unext_Select_Name_Dropdwon/Page_/div_Discovery_Custom_MBA' was broken. Propose an alternative one: '//div[7]/div'.

19-01-2024T12:14:01 - [MESSAGE][PASSED] - Object: 'Object Repository/Page_Unext_Select_Name_Dropdwon/Page_/div_Discovery_Custom_MBA' is clicked on

19-01-2024T12:14:01 - [TEST_STEP][PASSED] - click(findTestObject("Object Repository/Page_Unext_Select_Name_Dropdwon/Page_/div_Discovery_Custom_MCA")): Object: 'Object Repository/Page_Unext_Select_Name_Dropdwon/Page_/div_Discovery_Custom_MCA' is clicked on

19-01-2024T12:14:33 - [MESSAGE][INFO] - Unable to find the element located by 'By.xpath: //div[@id='a4cecaed5c61-7']/div'. Please recheck the objects properties to make sure the desired element is located. 

19-01-2024T12:14:33 - [MESSAGE][WARNING] - [SELF-HEALING] Failed to find element with id 'Object Repository/Page_Unext_Select_Name_Dropdwon/Page_/div_Discovery_Custom_MCA'. Try using Self-healing.

19-01-2024T12:14:33 - [MESSAGE][INFO] - [SELF-HEALING] Failed Locator: '//div[@id='a4cecaed5c61-7']/div'.

19-01-2024T12:14:33 - [MESSAGE][INFO] - [SELF-HEALING] Working Locator: '//div[8]/div'.

19-01-2024T12:14:33 - [MESSAGE][INFO] - [SELF-HEALING] Screenshot: C:/Users/Pavitra I R/Katalon Studio/Admetrics/Reports/Self-healing/Object Repository/Page_Unext_Select_Name_Dropdwon/Page_/div_Discovery_Custom_MCA_position.png

19-01-2024T12:14:34 - [MESSAGE][WARNING] - [SELF-HEALING] The current locator of test object 'Object Repository/Page_Unext_Select_Name_Dropdwon/Page_/div_Discovery_Custom_MCA' was broken. Propose an alternative one: '//div[8]/div'.

19-01-2024T12:14:34 - [MESSAGE][PASSED] - Object: 'Object Repository/Page_Unext_Select_Name_Dropdwon/Page_/div_Discovery_Custom_MCA' is clicked on

19-01-2024T12:14:34 - [TEST_STEP][PASSED] - click(findTestObject("Object Repository/Page_Unext_Select_Name_Dropdwon/Page_/button_Submit")): Object: 'Object Repository/Page_Unext_Select_Name_Dropdwon/Page_/button_Submit' is clicked on

19-01-2024T12:15:05 - [MESSAGE][INFO] - Unable to find the element located by 'By.xpath: //ng-dropdown-panel[@id='a4cecaed5c61']/div/button'. Please recheck the objects properties to make sure the desired element is located. 

19-01-2024T12:15:05 - [MESSAGE][WARNING] - [SELF-HEALING] Failed to find element with id 'Object Repository/Page_Unext_Select_Name_Dropdwon/Page_/button_Submit'. Try using Self-healing.

19-01-2024T12:15:05 - [MESSAGE][INFO] - [SELF-HEALING] Failed Locator: '//ng-dropdown-panel[@id='a4cecaed5c61']/div/button'.

19-01-2024T12:15:05 - [MESSAGE][INFO] - [SELF-HEALING] Working Locator: '//ng-dropdown-panel/div/button'.

19-01-2024T12:15:06 - [MESSAGE][INFO] - [SELF-HEALING] Screenshot: C:/Users/Pavitra I R/Katalon Studio/Admetrics/Reports/Self-healing/Object Repository/Page_Unext_Select_Name_Dropdwon/Page_/button_Submit_position.png

19-01-2024T12:15:06 - [MESSAGE][WARNING] - [SELF-HEALING] The current locator of test object 'Object Repository/Page_Unext_Select_Name_Dropdwon/Page_/button_Submit' was broken. Propose an alternative one: '//ng-dropdown-panel/div/button'.

19-01-2024T12:15:06 - [MESSAGE][PASSED] - Object: 'Object Repository/Page_Unext_Select_Name_Dropdwon/Page_/button_Submit' is clicked on

19-01-2024T12:15:06 - [TEST_STEP][PASSED] - click(findTestObject("Object Repository/Page_Unext_Select_Name_Dropdwon/Page_/input_text")): Object: 'Object Repository/Page_Unext_Select_Name_Dropdwon/Page_/input_text' is clicked on

19-01-2024T12:15:07 - [MESSAGE][PASSED] - Object: 'Object Repository/Page_Unext_Select_Name_Dropdwon/Page_/input_text' is clicked on

19-01-2024T12:15:07 - [TEST_STEP][PASSED] - click(findTestObject("Object Repository/Page_Unext_Select_Name_Dropdwon/Page_/div_Discovery_Custom_MCA")): Object: 'Object Repository/Page_Unext_Select_Name_Dropdwon/Page_/div_Discovery_Custom_MCA' is clicked on

19-01-2024T12:15:39 - [MESSAGE][INFO] - Unable to find the element located by 'By.xpath: //div[@id='a4cecaed5c61-7']/div'. Please recheck the objects properties to make sure the desired element is located. 

19-01-2024T12:15:39 - [MESSAGE][WARNING] - [SELF-HEALING] Failed to find element with id 'Object Repository/Page_Unext_Select_Name_Dropdwon/Page_/div_Discovery_Custom_MCA'. Try using Self-healing.

19-01-2024T12:15:39 - [MESSAGE][WARNING] - [SELF-HEALING] The current locator of test object 'Object Repository/Page_Unext_Select_Name_Dropdwon/Page_/div_Discovery_Custom_MCA' was broken. Propose an alternative one: '//div[8]/div'.

19-01-2024T12:15:39 - [MESSAGE][PASSED] - Object: 'Object Repository/Page_Unext_Select_Name_Dropdwon/Page_/div_Discovery_Custom_MCA' is clicked on

19-01-2024T12:15:39 - [TEST_STEP][PASSED] - click(findTestObject("Object Repository/Page_Unext_Select_Name_Dropdwon/Page_/div_Discovery_Custom_MBA")): Object: 'Object Repository/Page_Unext_Select_Name_Dropdwon/Page_/div_Discovery_Custom_MBA' is clicked on

19-01-2024T12:16:10 - [MESSAGE][INFO] - Unable to find the element located by 'By.xpath: //div[@id='a4cecaed5c61-6']/div'. Please recheck the objects properties to make sure the desired element is located. 

19-01-2024T12:16:10 - [MESSAGE][WARNING] - [SELF-HEALING] Failed to find element with id 'Object Repository/Page_Unext_Select_Name_Dropdwon/Page_/div_Discovery_Custom_MBA'. Try using Self-healing.

19-01-2024T12:16:11 - [MESSAGE][WARNING] - [SELF-HEALING] The current locator of test object 'Object Repository/Page_Unext_Select_Name_Dropdwon/Page_/div_Discovery_Custom_MBA' was broken. Propose an alternative one: '//div[7]/div'.

19-01-2024T12:16:11 - [MESSAGE][PASSED] - Object: 'Object Repository/Page_Unext_Select_Name_Dropdwon/Page_/div_Discovery_Custom_MBA' is clicked on

19-01-2024T12:16:11 - [TEST_STEP][PASSED] - click(findTestObject("Object Repository/Page_Unext_Select_Name_Dropdwon/Page_/div_Discovery_Custom_KWs")): Object: 'Object Repository/Page_Unext_Select_Name_Dropdwon/Page_/div_Discovery_Custom_KWs' is clicked on

19-01-2024T12:16:42 - [MESSAGE][INFO] - Unable to find the element located by 'By.xpath: //div[@id='a4cecaed5c61-5']/div'. Please recheck the objects properties to make sure the desired element is located. 

19-01-2024T12:16:42 - [MESSAGE][WARNING] - [SELF-HEALING] Failed to find element with id 'Object Repository/Page_Unext_Select_Name_Dropdwon/Page_/div_Discovery_Custom_KWs'. Try using Self-healing.

19-01-2024T12:16:42 - [MESSAGE][WARNING] - [SELF-HEALING] The current locator of test object 'Object Repository/Page_Unext_Select_Name_Dropdwon/Page_/div_Discovery_Custom_KWs' was broken. Propose an alternative one: '//div[6]/div'.

19-01-2024T12:16:42 - [MESSAGE][PASSED] - Object: 'Object Repository/Page_Unext_Select_Name_Dropdwon/Page_/div_Discovery_Custom_KWs' is clicked on

19-01-2024T12:16:42 - [TEST_STEP][PASSED] - click(findTestObject("Object Repository/Page_Unext_Select_Name_Dropdwon/Page_/div_Discovery_Custom_Keywords_After12")): Object: 'Object Repository/Page_Unext_Select_Name_Dropdwon/Page_/div_Discovery_Custom_Keywords_After12' is clicked on

19-01-2024T12:17:14 - [MESSAGE][INFO] - Unable to find the element located by 'By.xpath: //div[@id='a4cecaed5c61-4']/div'. Please recheck the objects properties to make sure the desired element is located. 

19-01-2024T12:17:14 - [MESSAGE][WARNING] - [SELF-HEALING] Failed to find element with id 'Object Repository/Page_Unext_Select_Name_Dropdwon/Page_/div_Discovery_Custom_Keywords_After12'. Try using Self-healing.

19-01-2024T12:17:14 - [MESSAGE][WARNING] - [SELF-HEALING] The current locator of test object 'Object Repository/Page_Unext_Select_Name_Dropdwon/Page_/div_Discovery_Custom_Keywords_After12' was broken. Propose an alternative one: '//div[5]/div'.

19-01-2024T12:17:14 - [MESSAGE][PASSED] - Object: 'Object Repository/Page_Unext_Select_Name_Dropdwon/Page_/div_Discovery_Custom_Keywords_After12' is clicked on

19-01-2024T12:17:14 - [TEST_STEP][PASSED] - click(findTestObject("Object Repository/Page_Unext_Select_Name_Dropdwon/Page_/div_Discovery_Custom_BCA")): Object: 'Object Repository/Page_Unext_Select_Name_Dropdwon/Page_/div_Discovery_Custom_BCA' is clicked on

19-01-2024T12:17:45 - [MESSAGE][INFO] - Unable to find the element located by 'By.xpath: //div[@id='a4cecaed5c61-3']/div'. Please recheck the objects properties to make sure the desired element is located. 

19-01-2024T12:17:45 - [MESSAGE][WARNING] - [SELF-HEALING] Failed to find element with id 'Object Repository/Page_Unext_Select_Name_Dropdwon/Page_/div_Discovery_Custom_BCA'. Try using Self-healing.

19-01-2024T12:17:46 - [MESSAGE][WARNING] - [SELF-HEALING] The current locator of test object 'Object Repository/Page_Unext_Select_Name_Dropdwon/Page_/div_Discovery_Custom_BCA' was broken. Propose an alternative one: '//div[4]/div'.

19-01-2024T12:17:46 - [MESSAGE][PASSED] - Object: 'Object Repository/Page_Unext_Select_Name_Dropdwon/Page_/div_Discovery_Custom_BCA' is clicked on

19-01-2024T12:17:46 - [TEST_STEP][PASSED] - click(findTestObject("Object Repository/Page_Unext_Select_Name_Dropdwon/Page_/div_Discovery_Custom_BBA")): Object: 'Object Repository/Page_Unext_Select_Name_Dropdwon/Page_/div_Discovery_Custom_BBA' is clicked on

19-01-2024T12:18:17 - [MESSAGE][INFO] - Unable to find the element located by 'By.xpath: //div[@id='a4cecaed5c61-2']/div'. Please recheck the objects properties to make sure the desired element is located. 

19-01-2024T12:18:17 - [MESSAGE][WARNING] - [SELF-HEALING] Failed to find element with id 'Object Repository/Page_Unext_Select_Name_Dropdwon/Page_/div_Discovery_Custom_BBA'. Try using Self-healing.

19-01-2024T12:18:17 - [MESSAGE][WARNING] - [SELF-HEALING] The current locator of test object 'Object Repository/Page_Unext_Select_Name_Dropdwon/Page_/div_Discovery_Custom_BBA' was broken. Propose an alternative one: '//div[2]/div[3]/div'.

19-01-2024T12:18:17 - [MESSAGE][PASSED] - Object: 'Object Repository/Page_Unext_Select_Name_Dropdwon/Page_/div_Discovery_Custom_BBA' is clicked on

19-01-2024T12:18:17 - [TEST_STEP][PASSED] - click(findTestObject("Object Repository/Page_Unext_Select_Name_Dropdwon/Page_/div_Career Assist - Brand")): Object: 'Object Repository/Page_Unext_Select_Name_Dropdwon/Page_/div_Career Assist - Brand' is clicked on

19-01-2024T12:18:49 - [MESSAGE][INFO] - Unable to find the element located by 'By.xpath: //div[@id='a4cecaed5c61-1']/div'. Please recheck the objects properties to make sure the desired element is located. 

19-01-2024T12:18:49 - [MESSAGE][WARNING] - [SELF-HEALING] Failed to find element with id 'Object Repository/Page_Unext_Select_Name_Dropdwon/Page_/div_Career Assist - Brand'. Try using Self-healing.

19-01-2024T12:18:49 - [MESSAGE][WARNING] - [SELF-HEALING] The current locator of test object 'Object Repository/Page_Unext_Select_Name_Dropdwon/Page_/div_Career Assist - Brand' was broken. Propose an alternative one: '//div[2]/div[2]/div[2]/div'.

19-01-2024T12:18:49 - [MESSAGE][PASSED] - Object: 'Object Repository/Page_Unext_Select_Name_Dropdwon/Page_/div_Career Assist - Brand' is clicked on

19-01-2024T12:18:49 - [TEST_STEP][PASSED] - click(findTestObject("Object Repository/Page_Unext_Select_Name_Dropdwon/Page_/div_Brand Campaign - 2023")): Object: 'Object Repository/Page_Unext_Select_Name_Dropdwon/Page_/div_Brand Campaign - 2023' is clicked on

19-01-2024T12:19:20 - [MESSAGE][INFO] - Unable to find the element located by 'By.xpath: //div[@id='a4cecaed5c61-0']/div'. Please recheck the objects properties to make sure the desired element is located. 

19-01-2024T12:19:20 - [MESSAGE][WARNING] - [SELF-HEALING] Failed to find element with id 'Object Repository/Page_Unext_Select_Name_Dropdwon/Page_/div_Brand Campaign - 2023'. Try using Self-healing.

19-01-2024T12:19:21 - [MESSAGE][WARNING] - [SELF-HEALING] The current locator of test object 'Object Repository/Page_Unext_Select_Name_Dropdwon/Page_/div_Brand Campaign - 2023' was broken. Propose an alternative one: '//div[2]/div[2]/div/div'.

19-01-2024T12:19:21 - [MESSAGE][PASSED] - Object: 'Object Repository/Page_Unext_Select_Name_Dropdwon/Page_/div_Brand Campaign - 2023' is clicked on

19-01-2024T12:19:21 - [TEST_STEP][PASSED] - click(findTestObject("Object Repository/Page_Unext_Select_Name_Dropdwon/Page_/button_Submit")): Object: 'Object Repository/Page_Unext_Select_Name_Dropdwon/Page_/button_Submit' is clicked on

19-01-2024T12:19:52 - [MESSAGE][INFO] - Unable to find the element located by 'By.xpath: //ng-dropdown-panel[@id='a4cecaed5c61']/div/button'. Please recheck the objects properties to make sure the desired element is located. 

19-01-2024T12:19:52 - [MESSAGE][WARNING] - [SELF-HEALING] Failed to find element with id 'Object Repository/Page_Unext_Select_Name_Dropdwon/Page_/button_Submit'. Try using Self-healing.

19-01-2024T12:19:52 - [MESSAGE][WARNING] - [SELF-HEALING] The current locator of test object 'Object Repository/Page_Unext_Select_Name_Dropdwon/Page_/button_Submit' was broken. Propose an alternative one: '//ng-dropdown-panel/div/button'.

19-01-2024T12:19:52 - [MESSAGE][PASSED] - Object: 'Object Repository/Page_Unext_Select_Name_Dropdwon/Page_/button_Submit' is clicked on]]></system-out>
         <system-err><![CDATA[]]></system-err>
      </testcase>
      <testcase name="Test Cases/Unext/test_campaign_metrics_table_title" time="7.711" classname="Test Cases/Unext/test_campaign_metrics_table_title" status="PASSED">
         <system-out><![CDATA[19-01-2024T12:19:52 - [TEST_CASE][PASSED] - Test Cases/Unext/test_campaign_metrics_table_title: Test Cases/Unext/test_campaign_metrics_table_title

19-01-2024T12:19:53 - [TEST_STEP][PASSED] - verifyElementText(findTestObject("Object Repository/Page_Campaign_Metrics_Table_title/Page_/h2_Campaign Metrics"), "Campaign Metrics"): Actual text and expected text of test object 'Object Repository/Page_Campaign_Metrics_Table_title/Page_/h2_Campaign Metrics' are matched.

19-01-2024T12:19:54 - [MESSAGE][PASSED] - Actual text and expected text of test object 'Object Repository/Page_Campaign_Metrics_Table_title/Page_/h2_Campaign Metrics' are matched.

19-01-2024T12:19:54 - [TEST_STEP][PASSED] - verifyElementPresent(findTestObject("Object Repository/Page_Campaign_Metrics_Table_title/Page_/h2_Campaign Metrics"), 0): Object 'Object Repository/Page_Campaign_Metrics_Table_title/Page_/h2_Campaign Metrics' is present

19-01-2024T12:19:54 - [MESSAGE][WARNING] - Timeout '0' is invalid. Using default page load timeout: '30'

19-01-2024T12:19:54 - [MESSAGE][PASSED] - Object 'Object Repository/Page_Campaign_Metrics_Table_title/Page_/h2_Campaign Metrics' is present

19-01-2024T12:19:54 - [TEST_STEP][PASSED] - verifyElementText(findTestObject("Object Repository/Page_Campaign_Metrics_Table_title/Page_/div_Date"), "Date"): Actual text and expected text of test object 'Object Repository/Page_Campaign_Metrics_Table_title/Page_/div_Date' are matched.

19-01-2024T12:19:55 - [MESSAGE][PASSED] - Actual text and expected text of test object 'Object Repository/Page_Campaign_Metrics_Table_title/Page_/div_Date' are matched.

19-01-2024T12:19:55 - [TEST_STEP][PASSED] - verifyElementPresent(findTestObject("Object Repository/Page_Campaign_Metrics_Table_title/Page_/div_Date"), 0): Object 'Object Repository/Page_Campaign_Metrics_Table_title/Page_/div_Date' is present

19-01-2024T12:19:55 - [MESSAGE][WARNING] - Timeout '0' is invalid. Using default page load timeout: '30'

19-01-2024T12:19:55 - [MESSAGE][PASSED] - Object 'Object Repository/Page_Campaign_Metrics_Table_title/Page_/div_Date' is present

19-01-2024T12:19:55 - [TEST_STEP][PASSED] - verifyElementText(findTestObject("Object Repository/Page_Campaign_Metrics_Table_title/Page_/div_Channel"), "Channel"): Actual text and expected text of test object 'Object Repository/Page_Campaign_Metrics_Table_title/Page_/div_Channel' are matched.

19-01-2024T12:19:55 - [MESSAGE][PASSED] - Actual text and expected text of test object 'Object Repository/Page_Campaign_Metrics_Table_title/Page_/div_Channel' are matched.

19-01-2024T12:19:55 - [TEST_STEP][PASSED] - verifyElementPresent(findTestObject("Object Repository/Page_Campaign_Metrics_Table_title/Page_/div_Channel"), 0): Object 'Object Repository/Page_Campaign_Metrics_Table_title/Page_/div_Channel' is present

19-01-2024T12:19:56 - [MESSAGE][WARNING] - Timeout '0' is invalid. Using default page load timeout: '30'

19-01-2024T12:19:56 - [MESSAGE][PASSED] - Object 'Object Repository/Page_Campaign_Metrics_Table_title/Page_/div_Channel' is present

19-01-2024T12:19:56 - [TEST_STEP][PASSED] - verifyElementText(findTestObject("Object Repository/Page_Campaign_Metrics_Table_title/Page_/div_Campaign Name"), "Campaign Name"): Actual text and expected text of test object 'Object Repository/Page_Campaign_Metrics_Table_title/Page_/div_Campaign Name' are matched.

19-01-2024T12:19:56 - [MESSAGE][PASSED] - Actual text and expected text of test object 'Object Repository/Page_Campaign_Metrics_Table_title/Page_/div_Campaign Name' are matched.

19-01-2024T12:19:56 - [TEST_STEP][PASSED] - verifyElementPresent(findTestObject("Object Repository/Page_Campaign_Metrics_Table_title/Page_/div_Campaign Name"), 0): Object 'Object Repository/Page_Campaign_Metrics_Table_title/Page_/div_Campaign Name' is present

19-01-2024T12:19:56 - [MESSAGE][WARNING] - Timeout '0' is invalid. Using default page load timeout: '30'

19-01-2024T12:19:57 - [MESSAGE][PASSED] - Object 'Object Repository/Page_Campaign_Metrics_Table_title/Page_/div_Campaign Name' is present

19-01-2024T12:19:57 - [TEST_STEP][PASSED] - verifyElementText(findTestObject("Object Repository/Page_Campaign_Metrics_Table_title/Page_/div_Clicks"), "Clicks"): Actual text and expected text of test object 'Object Repository/Page_Campaign_Metrics_Table_title/Page_/div_Clicks' are matched.

19-01-2024T12:19:57 - [MESSAGE][PASSED] - Actual text and expected text of test object 'Object Repository/Page_Campaign_Metrics_Table_title/Page_/div_Clicks' are matched.

19-01-2024T12:19:57 - [TEST_STEP][PASSED] - verifyElementPresent(findTestObject("Object Repository/Page_Campaign_Metrics_Table_title/Page_/div_Clicks"), 0): Object 'Object Repository/Page_Campaign_Metrics_Table_title/Page_/div_Clicks' is present

19-01-2024T12:19:57 - [MESSAGE][WARNING] - Timeout '0' is invalid. Using default page load timeout: '30'

19-01-2024T12:19:57 - [MESSAGE][PASSED] - Object 'Object Repository/Page_Campaign_Metrics_Table_title/Page_/div_Clicks' is present

19-01-2024T12:19:57 - [TEST_STEP][PASSED] - verifyElementText(findTestObject("Object Repository/Page_Campaign_Metrics_Table_title/Page_/div_Impressions"), "Impressions"): Actual text and expected text of test object 'Object Repository/Page_Campaign_Metrics_Table_title/Page_/div_Impressions' are matched.

19-01-2024T12:19:58 - [MESSAGE][PASSED] - Actual text and expected text of test object 'Object Repository/Page_Campaign_Metrics_Table_title/Page_/div_Impressions' are matched.

19-01-2024T12:19:58 - [TEST_STEP][PASSED] - verifyElementPresent(findTestObject("Object Repository/Page_Campaign_Metrics_Table_title/Page_/div_Impressions"), 0): Object 'Object Repository/Page_Campaign_Metrics_Table_title/Page_/div_Impressions' is present

19-01-2024T12:19:58 - [MESSAGE][WARNING] - Timeout '0' is invalid. Using default page load timeout: '30'

19-01-2024T12:19:58 - [MESSAGE][PASSED] - Object 'Object Repository/Page_Campaign_Metrics_Table_title/Page_/div_Impressions' is present

19-01-2024T12:19:58 - [TEST_STEP][PASSED] - verifyElementText(findTestObject("Object Repository/Page_Campaign_Metrics_Table_title/Page_/div_CTR"), "CTR"): Actual text and expected text of test object 'Object Repository/Page_Campaign_Metrics_Table_title/Page_/div_CTR' are matched.

19-01-2024T12:19:58 - [MESSAGE][PASSED] - Actual text and expected text of test object 'Object Repository/Page_Campaign_Metrics_Table_title/Page_/div_CTR' are matched.

19-01-2024T12:19:58 - [TEST_STEP][PASSED] - verifyElementPresent(findTestObject("Object Repository/Page_Campaign_Metrics_Table_title/Page_/div_CTR"), 0): Object 'Object Repository/Page_Campaign_Metrics_Table_title/Page_/div_CTR' is present

19-01-2024T12:19:58 - [MESSAGE][WARNING] - Timeout '0' is invalid. Using default page load timeout: '30'

19-01-2024T12:19:59 - [MESSAGE][PASSED] - Object 'Object Repository/Page_Campaign_Metrics_Table_title/Page_/div_CTR' is present

19-01-2024T12:19:59 - [TEST_STEP][PASSED] - verifyElementText(findTestObject("Object Repository/Page_Campaign_Metrics_Table_title/Page_/div_Reach"), "Reach"): Actual text and expected text of test object 'Object Repository/Page_Campaign_Metrics_Table_title/Page_/div_Reach' are matched.

19-01-2024T12:19:59 - [MESSAGE][PASSED] - Actual text and expected text of test object 'Object Repository/Page_Campaign_Metrics_Table_title/Page_/div_Reach' are matched.

19-01-2024T12:19:59 - [TEST_STEP][PASSED] - verifyElementPresent(findTestObject("Object Repository/Page_Campaign_Metrics_Table_title/Page_/div_Reach"), 0): Object 'Object Repository/Page_Campaign_Metrics_Table_title/Page_/div_Reach' is present

19-01-2024T12:19:59 - [MESSAGE][WARNING] - Timeout '0' is invalid. Using default page load timeout: '30'

19-01-2024T12:20:00 - [MESSAGE][PASSED] - Object 'Object Repository/Page_Campaign_Metrics_Table_title/Page_/div_Reach' is present

19-01-2024T12:20:00 - [TEST_STEP][PASSED] - verifyElementText(findTestObject("Object Repository/Page_Campaign_Metrics_Table_title/Page_/div_Spend"), "Spend"): Actual text and expected text of test object 'Object Repository/Page_Campaign_Metrics_Table_title/Page_/div_Spend' are matched.

19-01-2024T12:20:00 - [MESSAGE][PASSED] - Actual text and expected text of test object 'Object Repository/Page_Campaign_Metrics_Table_title/Page_/div_Spend' are matched.

19-01-2024T12:20:00 - [TEST_STEP][PASSED] - verifyElementPresent(findTestObject("Object Repository/Page_Campaign_Metrics_Table_title/Page_/div_Spend"), 0): Object 'Object Repository/Page_Campaign_Metrics_Table_title/Page_/div_Spend' is present

19-01-2024T12:20:00 - [MESSAGE][WARNING] - Timeout '0' is invalid. Using default page load timeout: '30'

19-01-2024T12:20:00 - [MESSAGE][PASSED] - Object 'Object Repository/Page_Campaign_Metrics_Table_title/Page_/div_Spend' is present]]></system-out>
         <system-err><![CDATA[]]></system-err>
      </testcase>
      <testcase name="Test Cases/Unext/test_campaign_metrics_table_ascending_decending" time="12.171" classname="Test Cases/Unext/test_campaign_metrics_table_ascending_decending" status="PASSED">
         <system-out><![CDATA[19-01-2024T12:20:00 - [TEST_CASE][PASSED] - Test Cases/Unext/test_campaign_metrics_table_ascending_decending: Test Cases/Unext/test_campaign_metrics_table_ascending_decending

19-01-2024T12:20:00 - [TEST_STEP][PASSED] - verifyElementClickable(findTestObject("Object Repository/Page_Campaign_Metrics_Table_Ascending_Decending/Page_/div_mat-sort-header-arrow ng-trigger ng-tri_918987")): Object 'Object Repository/Page_Campaign_Metrics_Table_Ascending_Decending/Page_/div_mat-sort-header-arrow ng-trigger ng-tri_918987' is clickable

19-01-2024T12:20:01 - [MESSAGE][PASSED] - Object 'Object Repository/Page_Campaign_Metrics_Table_Ascending_Decending/Page_/div_mat-sort-header-arrow ng-trigger ng-tri_918987' is clickable

19-01-2024T12:20:01 - [TEST_STEP][PASSED] - verifyElementClickable(findTestObject("Object Repository/Page_Campaign_Metrics_Table_Ascending_Decending/Page_/div_mat-sort-header-stem ng-tns-c99-14_1")): Object 'Object Repository/Page_Campaign_Metrics_Table_Ascending_Decending/Page_/div_mat-sort-header-stem ng-tns-c99-14_1' is clickable

19-01-2024T12:20:01 - [MESSAGE][PASSED] - Object 'Object Repository/Page_Campaign_Metrics_Table_Ascending_Decending/Page_/div_mat-sort-header-stem ng-tns-c99-14_1' is clickable

19-01-2024T12:20:01 - [TEST_STEP][PASSED] - verifyElementClickable(findTestObject("Object Repository/Page_Campaign_Metrics_Table_Ascending_Decending/Page_/div_mat-sort-header-pointer-right ng-tns-c9_a05da3_1")): Object 'Object Repository/Page_Campaign_Metrics_Table_Ascending_Decending/Page_/div_mat-sort-header-pointer-right ng-tns-c9_a05da3_1' is clickable

19-01-2024T12:20:01 - [MESSAGE][PASSED] - Object 'Object Repository/Page_Campaign_Metrics_Table_Ascending_Decending/Page_/div_mat-sort-header-pointer-right ng-tns-c9_a05da3_1' is clickable

19-01-2024T12:20:01 - [TEST_STEP][PASSED] - verifyElementClickable(findTestObject("Object Repository/Page_Campaign_Metrics_Table_Ascending_Decending/Page_/div_Clicks")): Object 'Object Repository/Page_Campaign_Metrics_Table_Ascending_Decending/Page_/div_Clicks' is clickable

19-01-2024T12:20:02 - [MESSAGE][PASSED] - Object 'Object Repository/Page_Campaign_Metrics_Table_Ascending_Decending/Page_/div_Clicks' is clickable

19-01-2024T12:20:02 - [TEST_STEP][PASSED] - verifyElementClickable(findTestObject("Object Repository/Page_Campaign_Metrics_Table_Ascending_Decending/Page_/div_mat-sort-header-pointer-right ng-tns-c9_d21120_1")): Object 'Object Repository/Page_Campaign_Metrics_Table_Ascending_Decending/Page_/div_mat-sort-header-pointer-right ng-tns-c9_d21120_1' is clickable

19-01-2024T12:20:02 - [MESSAGE][PASSED] - Object 'Object Repository/Page_Campaign_Metrics_Table_Ascending_Decending/Page_/div_mat-sort-header-pointer-right ng-tns-c9_d21120_1' is clickable

19-01-2024T12:20:02 - [TEST_STEP][PASSED] - verifyElementClickable(findTestObject("Object Repository/Page_Campaign_Metrics_Table_Ascending_Decending/Page_/div_mat-sort-header-arrow ng-trigger ng-tri_292eca")): Object 'Object Repository/Page_Campaign_Metrics_Table_Ascending_Decending/Page_/div_mat-sort-header-arrow ng-trigger ng-tri_292eca' is clickable

19-01-2024T12:20:02 - [MESSAGE][PASSED] - Object 'Object Repository/Page_Campaign_Metrics_Table_Ascending_Decending/Page_/div_mat-sort-header-arrow ng-trigger ng-tri_292eca' is clickable

19-01-2024T12:20:02 - [TEST_STEP][PASSED] - verifyElementClickable(findTestObject("Object Repository/Page_Campaign_Metrics_Table_Ascending_Decending/Page_/div_mat-sort-header-pointer-right ng-tns-c9_213f72_1")): Object 'Object Repository/Page_Campaign_Metrics_Table_Ascending_Decending/Page_/div_mat-sort-header-pointer-right ng-tns-c9_213f72_1' is clickable

19-01-2024T12:20:03 - [MESSAGE][PASSED] - Object 'Object Repository/Page_Campaign_Metrics_Table_Ascending_Decending/Page_/div_mat-sort-header-pointer-right ng-tns-c9_213f72_1' is clickable

19-01-2024T12:20:03 - [TEST_STEP][PASSED] - verifyElementClickable(findTestObject("Object Repository/Page_Campaign_Metrics_Table_Ascending_Decending/Page_/div_mat-sort-header-stem ng-tns-c99-20")): Object 'Object Repository/Page_Campaign_Metrics_Table_Ascending_Decending/Page_/div_mat-sort-header-stem ng-tns-c99-20' is clickable

19-01-2024T12:20:03 - [MESSAGE][PASSED] - Object 'Object Repository/Page_Campaign_Metrics_Table_Ascending_Decending/Page_/div_mat-sort-header-stem ng-tns-c99-20' is clickable

19-01-2024T12:20:03 - [TEST_STEP][PASSED] - click(findTestObject("Object Repository/Page_Campaign_Metrics_Table_Ascending_Decending/Page_/div_mat-sort-header-stem ng-tns-c99-13")): Object: 'Object Repository/Page_Campaign_Metrics_Table_Ascending_Decending/Page_/div_mat-sort-header-stem ng-tns-c99-13' is clicked on

19-01-2024T12:20:03 - [MESSAGE][PASSED] - Object: 'Object Repository/Page_Campaign_Metrics_Table_Ascending_Decending/Page_/div_mat-sort-header-stem ng-tns-c99-13' is clicked on

19-01-2024T12:20:03 - [TEST_STEP][PASSED] - click(findTestObject("Object Repository/Page_Campaign_Metrics_Table_Ascending_Decending/Page_/div_mat-sort-header-stem ng-tns-c99-13_1")): Object: 'Object Repository/Page_Campaign_Metrics_Table_Ascending_Decending/Page_/div_mat-sort-header-stem ng-tns-c99-13_1' is clicked on

19-01-2024T12:20:04 - [MESSAGE][PASSED] - Object: 'Object Repository/Page_Campaign_Metrics_Table_Ascending_Decending/Page_/div_mat-sort-header-stem ng-tns-c99-13_1' is clicked on

19-01-2024T12:20:04 - [TEST_STEP][PASSED] - click(findTestObject("Object Repository/Page_Campaign_Metrics_Table_Ascending_Decending/Page_/div_mat-sort-header-arrow ng-trigger ng-tri_2e3fcc")): Object: 'Object Repository/Page_Campaign_Metrics_Table_Ascending_Decending/Page_/div_mat-sort-header-arrow ng-trigger ng-tri_2e3fcc' is clicked on

19-01-2024T12:20:04 - [MESSAGE][PASSED] - Object: 'Object Repository/Page_Campaign_Metrics_Table_Ascending_Decending/Page_/div_mat-sort-header-arrow ng-trigger ng-tri_2e3fcc' is clicked on

19-01-2024T12:20:04 - [TEST_STEP][PASSED] - click(findTestObject("Object Repository/Page_Campaign_Metrics_Table_Ascending_Decending/Page_/div_mat-sort-header-arrow ng-trigger ng-tri_2e3fcc_1")): Object: 'Object Repository/Page_Campaign_Metrics_Table_Ascending_Decending/Page_/div_mat-sort-header-arrow ng-trigger ng-tri_2e3fcc_1' is clicked on

19-01-2024T12:20:05 - [MESSAGE][PASSED] - Object: 'Object Repository/Page_Campaign_Metrics_Table_Ascending_Decending/Page_/div_mat-sort-header-arrow ng-trigger ng-tri_2e3fcc_1' is clicked on

19-01-2024T12:20:05 - [TEST_STEP][PASSED] - click(findTestObject("Object Repository/Page_Campaign_Metrics_Table_Ascending_Decending/Page_/div_mat-sort-header-stem ng-tns-c99-15")): Object: 'Object Repository/Page_Campaign_Metrics_Table_Ascending_Decending/Page_/div_mat-sort-header-stem ng-tns-c99-15' is clicked on

19-01-2024T12:20:05 - [MESSAGE][PASSED] - Object: 'Object Repository/Page_Campaign_Metrics_Table_Ascending_Decending/Page_/div_mat-sort-header-stem ng-tns-c99-15' is clicked on

19-01-2024T12:20:05 - [TEST_STEP][PASSED] - click(findTestObject("Object Repository/Page_Campaign_Metrics_Table_Ascending_Decending/Page_/div_mat-sort-header-stem ng-tns-c99-15_1")): Object: 'Object Repository/Page_Campaign_Metrics_Table_Ascending_Decending/Page_/div_mat-sort-header-stem ng-tns-c99-15_1' is clicked on

19-01-2024T12:20:06 - [MESSAGE][PASSED] - Object: 'Object Repository/Page_Campaign_Metrics_Table_Ascending_Decending/Page_/div_mat-sort-header-stem ng-tns-c99-15_1' is clicked on

19-01-2024T12:20:06 - [TEST_STEP][PASSED] - click(findTestObject("Object Repository/Page_Campaign_Metrics_Table_Ascending_Decending/Page_/div_mat-sort-header-arrow ng-trigger ng-tri_7bf2ed")): Object: 'Object Repository/Page_Campaign_Metrics_Table_Ascending_Decending/Page_/div_mat-sort-header-arrow ng-trigger ng-tri_7bf2ed' is clicked on

19-01-2024T12:20:07 - [MESSAGE][PASSED] - Object: 'Object Repository/Page_Campaign_Metrics_Table_Ascending_Decending/Page_/div_mat-sort-header-arrow ng-trigger ng-tri_7bf2ed' is clicked on

19-01-2024T12:20:07 - [TEST_STEP][PASSED] - click(findTestObject("Object Repository/Page_Campaign_Metrics_Table_Ascending_Decending/Page_/div_mat-sort-header-arrow ng-trigger ng-tri_7bf2ed_1")): Object: 'Object Repository/Page_Campaign_Metrics_Table_Ascending_Decending/Page_/div_mat-sort-header-arrow ng-trigger ng-tri_7bf2ed_1' is clicked on

19-01-2024T12:20:07 - [MESSAGE][PASSED] - Object: 'Object Repository/Page_Campaign_Metrics_Table_Ascending_Decending/Page_/div_mat-sort-header-arrow ng-trigger ng-tri_7bf2ed_1' is clicked on

19-01-2024T12:20:07 - [TEST_STEP][PASSED] - click(findTestObject("Object Repository/Page_Campaign_Metrics_Table_Ascending_Decending/Page_/div_mat-sort-header-stem ng-tns-c99-17")): Object: 'Object Repository/Page_Campaign_Metrics_Table_Ascending_Decending/Page_/div_mat-sort-header-stem ng-tns-c99-17' is clicked on

19-01-2024T12:20:08 - [MESSAGE][PASSED] - Object: 'Object Repository/Page_Campaign_Metrics_Table_Ascending_Decending/Page_/div_mat-sort-header-stem ng-tns-c99-17' is clicked on

19-01-2024T12:20:08 - [TEST_STEP][PASSED] - click(findTestObject("Object Repository/Page_Campaign_Metrics_Table_Ascending_Decending/Page_/div_mat-sort-header-pointer-left ng-tns-c99_d3d3c9")): Object: 'Object Repository/Page_Campaign_Metrics_Table_Ascending_Decending/Page_/div_mat-sort-header-pointer-left ng-tns-c99_d3d3c9' is clicked on

19-01-2024T12:20:09 - [MESSAGE][PASSED] - Object: 'Object Repository/Page_Campaign_Metrics_Table_Ascending_Decending/Page_/div_mat-sort-header-pointer-left ng-tns-c99_d3d3c9' is clicked on

19-01-2024T12:20:09 - [TEST_STEP][PASSED] - click(findTestObject("Object Repository/Page_Campaign_Metrics_Table_Ascending_Decending/Page_/div_mat-sort-header-pointer-left ng-tns-c99_37d94a")): Object: 'Object Repository/Page_Campaign_Metrics_Table_Ascending_Decending/Page_/div_mat-sort-header-pointer-left ng-tns-c99_37d94a' is clicked on

19-01-2024T12:20:09 - [MESSAGE][PASSED] - Object: 'Object Repository/Page_Campaign_Metrics_Table_Ascending_Decending/Page_/div_mat-sort-header-pointer-left ng-tns-c99_37d94a' is clicked on

19-01-2024T12:20:09 - [TEST_STEP][PASSED] - click(findTestObject("Object Repository/Page_Campaign_Metrics_Table_Ascending_Decending/Page_/div_mat-sort-header-arrow ng-trigger ng-tri_a7c147_1")): Object: 'Object Repository/Page_Campaign_Metrics_Table_Ascending_Decending/Page_/div_mat-sort-header-arrow ng-trigger ng-tri_a7c147_1' is clicked on

19-01-2024T12:20:10 - [MESSAGE][PASSED] - Object: 'Object Repository/Page_Campaign_Metrics_Table_Ascending_Decending/Page_/div_mat-sort-header-arrow ng-trigger ng-tri_a7c147_1' is clicked on

19-01-2024T12:20:10 - [TEST_STEP][PASSED] - click(findTestObject("Object Repository/Page_Campaign_Metrics_Table_Ascending_Decending/Page_/div_mat-sort-header-stem ng-tns-c99-19")): Object: 'Object Repository/Page_Campaign_Metrics_Table_Ascending_Decending/Page_/div_mat-sort-header-stem ng-tns-c99-19' is clicked on

19-01-2024T12:20:11 - [MESSAGE][PASSED] - Object: 'Object Repository/Page_Campaign_Metrics_Table_Ascending_Decending/Page_/div_mat-sort-header-stem ng-tns-c99-19' is clicked on

19-01-2024T12:20:11 - [TEST_STEP][PASSED] - click(findTestObject("Object Repository/Page_Campaign_Metrics_Table_Ascending_Decending/Page_/div_mat-sort-header-stem ng-tns-c99-19_1")): Object: 'Object Repository/Page_Campaign_Metrics_Table_Ascending_Decending/Page_/div_mat-sort-header-stem ng-tns-c99-19_1' is clicked on

19-01-2024T12:20:11 - [MESSAGE][PASSED] - Object: 'Object Repository/Page_Campaign_Metrics_Table_Ascending_Decending/Page_/div_mat-sort-header-stem ng-tns-c99-19_1' is clicked on

19-01-2024T12:20:11 - [TEST_STEP][PASSED] - click(findTestObject("Object Repository/Page_Campaign_Metrics_Table_Ascending_Decending/Page_/div_mat-sort-header-stem ng-tns-c99-20")): Object: 'Object Repository/Page_Campaign_Metrics_Table_Ascending_Decending/Page_/div_mat-sort-header-stem ng-tns-c99-20' is clicked on

19-01-2024T12:20:12 - [MESSAGE][PASSED] - Object: 'Object Repository/Page_Campaign_Metrics_Table_Ascending_Decending/Page_/div_mat-sort-header-stem ng-tns-c99-20' is clicked on

19-01-2024T12:20:12 - [TEST_STEP][PASSED] - click(findTestObject("Object Repository/Page_Campaign_Metrics_Table_Ascending_Decending/Page_/div_mat-sort-header-arrow ng-trigger ng-tri_7b626c")): Object: 'Object Repository/Page_Campaign_Metrics_Table_Ascending_Decending/Page_/div_mat-sort-header-arrow ng-trigger ng-tri_7b626c' is clicked on

19-01-2024T12:20:12 - [MESSAGE][PASSED] - Object: 'Object Repository/Page_Campaign_Metrics_Table_Ascending_Decending/Page_/div_mat-sort-header-arrow ng-trigger ng-tri_7b626c' is clicked on]]></system-out>
         <system-err><![CDATA[]]></system-err>
      </testcase>
      <testcase name="Test Cases/Unext/test_campaign_metrics_items_dropdown" time="316.736" classname="Test Cases/Unext/test_campaign_metrics_items_dropdown" status="PASSED">
         <system-out><![CDATA[19-01-2024T12:20:12 - [TEST_CASE][PASSED] - Test Cases/Unext/test_campaign_metrics_items_dropdown: Test Cases/Unext/test_campaign_metrics_items_dropdown

19-01-2024T12:20:12 - [TEST_STEP][PASSED] - callTestCase(findTestCase("Reusable_Functions/Items_per_page"), [:], CONTINUE_ON_FAILURE): Call Test Case 'Test Cases/Reusable_Functions/Items_per_page' successfully

19-01-2024T12:20:13 - [TEST_CASE][PASSED] - Test Cases/Reusable_Functions/Items_per_page: Test Cases/Reusable_Functions/Items_per_page

19-01-2024T12:20:13 - [TEST_STEP][PASSED] - verifyElementText(findTestObject("Object Repository/Page_Items_Per_Page/Page_/div_Items per page"), "Items per page:"): Actual text and expected text of test object 'Object Repository/Page_Items_Per_Page/Page_/div_Items per page' are matched.

19-01-2024T12:20:44 - [MESSAGE][INFO] - Unable to find the element located by 'By.xpath: //div[@id='table1']/app-weekly-approved-vs-campaign-table/div/div/div/app-material-heat-chart-drilldown-table/div/mat-paginator/div/div/div/div'. Please recheck the objects properties to make sure the desired element is located. 

19-01-2024T12:20:44 - [MESSAGE][WARNING] - [SELF-HEALING] Failed to find element with id 'Object Repository/Page_Items_Per_Page/Page_/div_Items per page'. Try using Self-healing.

19-01-2024T12:20:44 - [MESSAGE][WARNING] - [SELF-HEALING] The current locator of test object 'Object Repository/Page_Items_Per_Page/Page_/div_Items per page' was broken. Propose an alternative one: '//mat-paginator/div/div/div/div'.

19-01-2024T12:20:44 - [MESSAGE][PASSED] - Actual text and expected text of test object 'Object Repository/Page_Items_Per_Page/Page_/div_Items per page' are matched.

19-01-2024T12:20:44 - [TEST_STEP][PASSED] - verifyElementClickable(findTestObject("Object Repository/Page_Items_Per_Page/Page_/div_mat-select-arrow ng-tns-c110-10")): Object 'Object Repository/Page_Items_Per_Page/Page_/div_mat-select-arrow ng-tns-c110-10' is clickable

19-01-2024T12:21:16 - [MESSAGE][INFO] - Unable to find the element located by 'By.xpath: //mat-select[@id='mat-select-0']/div/div[2]/div'. Please recheck the objects properties to make sure the desired element is located. 

19-01-2024T12:21:16 - [MESSAGE][WARNING] - [SELF-HEALING] Failed to find element with id 'Object Repository/Page_Items_Per_Page/Page_/div_mat-select-arrow ng-tns-c110-10'. Try using Self-healing.

19-01-2024T12:21:16 - [MESSAGE][WARNING] - [SELF-HEALING] The current locator of test object 'Object Repository/Page_Items_Per_Page/Page_/div_mat-select-arrow ng-tns-c110-10' was broken. Propose an alternative one: '//mat-select/div/div[2]/div'.

19-01-2024T12:21:16 - [MESSAGE][PASSED] - Object 'Object Repository/Page_Items_Per_Page/Page_/div_mat-select-arrow ng-tns-c110-10' is clickable

19-01-2024T12:21:16 - [TEST_STEP][PASSED] - click(findTestObject("Object Repository/Page_Items_Per_Page/Page_/div_mat-select-arrow-wrapper ng-tns-c110-10")): Object: 'Object Repository/Page_Items_Per_Page/Page_/div_mat-select-arrow-wrapper ng-tns-c110-10' is clicked on

19-01-2024T12:21:47 - [MESSAGE][INFO] - Unable to find the element located by 'By.xpath: //mat-select[@id='mat-select-0']/div/div[2]'. Please recheck the objects properties to make sure the desired element is located. 

19-01-2024T12:21:47 - [MESSAGE][WARNING] - [SELF-HEALING] Failed to find element with id 'Object Repository/Page_Items_Per_Page/Page_/div_mat-select-arrow-wrapper ng-tns-c110-10'. Try using Self-healing.

19-01-2024T12:21:47 - [MESSAGE][WARNING] - [SELF-HEALING] The current locator of test object 'Object Repository/Page_Items_Per_Page/Page_/div_mat-select-arrow-wrapper ng-tns-c110-10' was broken. Propose an alternative one: '//mat-select/div/div[2]'.

19-01-2024T12:21:47 - [MESSAGE][PASSED] - Object: 'Object Repository/Page_Items_Per_Page/Page_/div_mat-select-arrow-wrapper ng-tns-c110-10' is clicked on

19-01-2024T12:21:47 - [TEST_STEP][PASSED] - click(findTestObject("Object Repository/Page_Items_Per_Page/Page_/span_10")): Object: 'Object Repository/Page_Items_Per_Page/Page_/span_10' is clicked on

19-01-2024T12:22:19 - [MESSAGE][INFO] - Unable to find the element located by 'By.xpath: //mat-option[@id='mat-option-1']/span'. Please recheck the objects properties to make sure the desired element is located. 

19-01-2024T12:22:19 - [MESSAGE][WARNING] - [SELF-HEALING] Failed to find element with id 'Object Repository/Page_Items_Per_Page/Page_/span_10'. Try using Self-healing.

19-01-2024T12:22:19 - [MESSAGE][WARNING] - [SELF-HEALING] The current locator of test object 'Object Repository/Page_Items_Per_Page/Page_/span_10' was broken. Propose an alternative one: '//mat-option[2]/span'.

19-01-2024T12:22:19 - [MESSAGE][PASSED] - Object: 'Object Repository/Page_Items_Per_Page/Page_/span_10' is clicked on

19-01-2024T12:22:19 - [TEST_STEP][PASSED] - click(findTestObject("Object Repository/Page_Items_Per_Page/Page_/div_mat-select-arrow-wrapper ng-tns-c110-10")): Object: 'Object Repository/Page_Items_Per_Page/Page_/div_mat-select-arrow-wrapper ng-tns-c110-10' is clicked on

19-01-2024T12:22:50 - [MESSAGE][INFO] - Unable to find the element located by 'By.xpath: //mat-select[@id='mat-select-0']/div/div[2]'. Please recheck the objects properties to make sure the desired element is located. 

19-01-2024T12:22:50 - [MESSAGE][WARNING] - [SELF-HEALING] Failed to find element with id 'Object Repository/Page_Items_Per_Page/Page_/div_mat-select-arrow-wrapper ng-tns-c110-10'. Try using Self-healing.

19-01-2024T12:22:51 - [MESSAGE][WARNING] - [SELF-HEALING] The current locator of test object 'Object Repository/Page_Items_Per_Page/Page_/div_mat-select-arrow-wrapper ng-tns-c110-10' was broken. Propose an alternative one: '//mat-select/div/div[2]'.

19-01-2024T12:22:51 - [MESSAGE][PASSED] - Object: 'Object Repository/Page_Items_Per_Page/Page_/div_mat-select-arrow-wrapper ng-tns-c110-10' is clicked on

19-01-2024T12:22:51 - [TEST_STEP][PASSED] - click(findTestObject("Object Repository/Page_Items_Per_Page/Page_/span_20")): Object: 'Object Repository/Page_Items_Per_Page/Page_/span_20' is clicked on

19-01-2024T12:23:22 - [MESSAGE][INFO] - Unable to find the element located by 'By.xpath: //mat-option[@id='mat-option-2']/span'. Please recheck the objects properties to make sure the desired element is located. 

19-01-2024T12:23:22 - [MESSAGE][WARNING] - [SELF-HEALING] Failed to find element with id 'Object Repository/Page_Items_Per_Page/Page_/span_20'. Try using Self-healing.

19-01-2024T12:23:22 - [MESSAGE][WARNING] - [SELF-HEALING] The current locator of test object 'Object Repository/Page_Items_Per_Page/Page_/span_20' was broken. Propose an alternative one: '//mat-option[3]/span'.

19-01-2024T12:23:22 - [MESSAGE][PASSED] - Object: 'Object Repository/Page_Items_Per_Page/Page_/span_20' is clicked on

19-01-2024T12:23:22 - [TEST_STEP][PASSED] - click(findTestObject("Object Repository/Page_Items_Per_Page/Page_/div_mat-select-arrow-wrapper ng-tns-c110-10")): Object: 'Object Repository/Page_Items_Per_Page/Page_/div_mat-select-arrow-wrapper ng-tns-c110-10' is clicked on

19-01-2024T12:23:54 - [MESSAGE][INFO] - Unable to find the element located by 'By.xpath: //mat-select[@id='mat-select-0']/div/div[2]'. Please recheck the objects properties to make sure the desired element is located. 

19-01-2024T12:23:54 - [MESSAGE][WARNING] - [SELF-HEALING] Failed to find element with id 'Object Repository/Page_Items_Per_Page/Page_/div_mat-select-arrow-wrapper ng-tns-c110-10'. Try using Self-healing.

19-01-2024T12:23:54 - [MESSAGE][WARNING] - [SELF-HEALING] The current locator of test object 'Object Repository/Page_Items_Per_Page/Page_/div_mat-select-arrow-wrapper ng-tns-c110-10' was broken. Propose an alternative one: '//mat-select/div/div[2]'.

19-01-2024T12:23:54 - [MESSAGE][PASSED] - Object: 'Object Repository/Page_Items_Per_Page/Page_/div_mat-select-arrow-wrapper ng-tns-c110-10' is clicked on

19-01-2024T12:23:54 - [TEST_STEP][PASSED] - click(findTestObject("Object Repository/Page_Items_Per_Page/Page_/span_30")): Object: 'Object Repository/Page_Items_Per_Page/Page_/span_30' is clicked on

19-01-2024T12:24:25 - [MESSAGE][INFO] - Unable to find the element located by 'By.xpath: //mat-option[@id='mat-option-3']/span'. Please recheck the objects properties to make sure the desired element is located. 

19-01-2024T12:24:25 - [MESSAGE][WARNING] - [SELF-HEALING] Failed to find element with id 'Object Repository/Page_Items_Per_Page/Page_/span_30'. Try using Self-healing.

19-01-2024T12:24:26 - [MESSAGE][WARNING] - [SELF-HEALING] The current locator of test object 'Object Repository/Page_Items_Per_Page/Page_/span_30' was broken. Propose an alternative one: '//mat-option[4]/span'.

19-01-2024T12:24:26 - [MESSAGE][PASSED] - Object: 'Object Repository/Page_Items_Per_Page/Page_/span_30' is clicked on

19-01-2024T12:24:26 - [TEST_STEP][PASSED] - click(findTestObject("Object Repository/Page_Items_Per_Page/Page_/div_mat-select-arrow ng-tns-c110-10")): Object: 'Object Repository/Page_Items_Per_Page/Page_/div_mat-select-arrow ng-tns-c110-10' is clicked on

19-01-2024T12:24:57 - [MESSAGE][INFO] - Unable to find the element located by 'By.xpath: //mat-select[@id='mat-select-0']/div/div[2]/div'. Please recheck the objects properties to make sure the desired element is located. 

19-01-2024T12:24:57 - [MESSAGE][WARNING] - [SELF-HEALING] Failed to find element with id 'Object Repository/Page_Items_Per_Page/Page_/div_mat-select-arrow ng-tns-c110-10'. Try using Self-healing.

19-01-2024T12:24:57 - [MESSAGE][WARNING] - [SELF-HEALING] The current locator of test object 'Object Repository/Page_Items_Per_Page/Page_/div_mat-select-arrow ng-tns-c110-10' was broken. Propose an alternative one: '//mat-select/div/div[2]/div'.

19-01-2024T12:24:57 - [MESSAGE][PASSED] - Object: 'Object Repository/Page_Items_Per_Page/Page_/div_mat-select-arrow ng-tns-c110-10' is clicked on

19-01-2024T12:24:57 - [TEST_STEP][PASSED] - click(findTestObject("Object Repository/Page_Items_Per_Page/Page_/span_5")): Object: 'Object Repository/Page_Items_Per_Page/Page_/span_5' is clicked on

19-01-2024T12:25:29 - [MESSAGE][INFO] - Unable to find the element located by 'By.xpath: //mat-option[@id='mat-option-0']/span'. Please recheck the objects properties to make sure the desired element is located. 

19-01-2024T12:25:29 - [MESSAGE][WARNING] - [SELF-HEALING] Failed to find element with id 'Object Repository/Page_Items_Per_Page/Page_/span_5'. Try using Self-healing.

19-01-2024T12:25:29 - [MESSAGE][WARNING] - [SELF-HEALING] The current locator of test object 'Object Repository/Page_Items_Per_Page/Page_/span_5' was broken. Propose an alternative one: '//mat-option/span'.

19-01-2024T12:25:29 - [MESSAGE][PASSED] - Object: 'Object Repository/Page_Items_Per_Page/Page_/span_5' is clicked on

19-01-2024T12:25:29 - [MESSAGE][INFO] - 

19-01-2024T12:25:29 - [MESSAGE][INFO] - ===================== Self-healing Report ====================

19-01-2024T12:25:29 - [MESSAGE][INFO] - One of the failed test object locators has been recovered by Self-healing. Please refer to the Self-healing Insights tab for more details.

19-01-2024T12:25:29 - [MESSAGE][INFO] - To learn more about Self-healing, please read https://docs.katalon.com/katalon-studio/docs/self-healing.html

19-01-2024T12:25:29 - [MESSAGE][INFO] - ==============================================================

19-01-2024T12:25:29 - [MESSAGE][PASSED] - Call Test Case 'Test Cases/Reusable_Functions/Items_per_page' successfully]]></system-out>
         <system-err><![CDATA[]]></system-err>
      </testcase>
      <testcase name="Test Cases/Unext/test_unext_campaign_download_button" time="3.465" classname="Test Cases/Unext/test_unext_campaign_download_button" status="PASSED">
         <system-out><![CDATA[19-01-2024T12:25:29 - [TEST_CASE][PASSED] - Test Cases/Unext/test_unext_campaign_download_button: Test Cases/Unext/test_unext_campaign_download_button

19-01-2024T12:25:29 - [TEST_STEP][PASSED] - verifyElementClickable(findTestObject("Object Repository/Page_Unext_Campaign_Download_Button/Page_/span_downloading")): Object 'Object Repository/Page_Unext_Campaign_Download_Button/Page_/span_downloading' is clickable

19-01-2024T12:25:30 - [MESSAGE][PASSED] - Object 'Object Repository/Page_Unext_Campaign_Download_Button/Page_/span_downloading' is clickable

19-01-2024T12:25:30 - [TEST_STEP][PASSED] - verifyElementPresent(findTestObject("Object Repository/Page_Unext_Campaign_Download_Button/Page_/span_downloading"), 0): Object 'Object Repository/Page_Unext_Campaign_Download_Button/Page_/span_downloading' is present

19-01-2024T12:25:30 - [MESSAGE][WARNING] - Timeout '0' is invalid. Using default page load timeout: '30'

19-01-2024T12:25:30 - [MESSAGE][PASSED] - Object 'Object Repository/Page_Unext_Campaign_Download_Button/Page_/span_downloading' is present

19-01-2024T12:25:30 - [TEST_STEP][PASSED] - click(findTestObject("Object Repository/Page_Unext_Campaign_Download_Button/Page_/span_downloading")): Object: 'Object Repository/Page_Unext_Campaign_Download_Button/Page_/span_downloading' is clicked on

19-01-2024T12:25:31 - [MESSAGE][PASSED] - Object: 'Object Repository/Page_Unext_Campaign_Download_Button/Page_/span_downloading' is clicked on

19-01-2024T12:25:31 - [TEST_STEP][PASSED] - delay(2): Delayed 2 second(s)

19-01-2024T12:25:33 - [MESSAGE][PASSED] - Delayed 2 second(s)]]></system-out>
         <system-err><![CDATA[]]></system-err>
      </testcase>
      <testcase name="Test Cases/Unext/test_campaign_metrics_zoom" time="6.109" classname="Test Cases/Unext/test_campaign_metrics_zoom" status="PASSED">
         <system-out><![CDATA[19-01-2024T12:25:33 - [TEST_CASE][PASSED] - Test Cases/Unext/test_campaign_metrics_zoom: Test Cases/Unext/test_campaign_metrics_zoom

19-01-2024T12:25:33 - [TEST_STEP][PASSED] - verifyElementClickable(findTestObject("Page_Campaign_Conversions_Zoom/Page_/img")): Object 'Object Repository/Page_Campaign_Conversions_Zoom/Page_/img' is clickable

19-01-2024T12:25:33 - [MESSAGE][PASSED] - Object 'Object Repository/Page_Campaign_Conversions_Zoom/Page_/img' is clickable

19-01-2024T12:25:33 - [TEST_STEP][PASSED] - callTestCase(findTestCase("Reusable_Functions/Fullscreen"), [:], CONTINUE_ON_FAILURE): Call Test Case 'Test Cases/Reusable_Functions/Fullscreen' successfully

19-01-2024T12:25:33 - [TEST_CASE][PASSED] - Test Cases/Reusable_Functions/Fullscreen: Test Cases/Reusable_Functions/Fullscreen

19-01-2024T12:25:33 - [TEST_STEP][PASSED] - verifyElementClickable(findTestObject("Object Repository/Page_Fullscreen/Page_/img")): Object 'Object Repository/Page_Fullscreen/Page_/img' is clickable

19-01-2024T12:25:34 - [MESSAGE][PASSED] - Object 'Object Repository/Page_Fullscreen/Page_/img' is clickable

19-01-2024T12:25:34 - [TEST_STEP][PASSED] - click(findTestObject("Object Repository/Page_Fullscreen/Page_/img")): Object: 'Object Repository/Page_Fullscreen/Page_/img' is clicked on

19-01-2024T12:25:34 - [MESSAGE][PASSED] - Object: 'Object Repository/Page_Fullscreen/Page_/img' is clicked on

19-01-2024T12:25:34 - [TEST_STEP][PASSED] - delay(2): Delayed 2 second(s)

19-01-2024T12:25:36 - [MESSAGE][PASSED] - Delayed 2 second(s)

19-01-2024T12:25:36 - [TEST_STEP][PASSED] - executeJavaScript("document.exitFullscreen();", null): Execute JavaScript 'document.exitFullscreen();' successfully

19-01-2024T12:25:36 - [MESSAGE][PASSED] - Execute JavaScript 'document.exitFullscreen();' successfully

19-01-2024T12:25:36 - [TEST_STEP][PASSED] - delay(2): Delayed 2 second(s)

19-01-2024T12:25:38 - [MESSAGE][PASSED] - Delayed 2 second(s)

19-01-2024T12:25:38 - [MESSAGE][PASSED] - Call Test Case 'Test Cases/Reusable_Functions/Fullscreen' successfully

19-01-2024T12:25:38 - [TEST_STEP][PASSED] - closeBrowser(): Browser is closed

19-01-2024T12:25:39 - [MESSAGE][PASSED] - Browser is closed]]></system-out>
         <system-err><![CDATA[]]></system-err>
      </testcase>
      <system-out><![CDATA[19-01-2024T12:00:18 - [TEST_SUITE][PASSED] - Unext_test: Test Cases/Unext/test_campaign_metrics_zoom]]></system-out>
      <system-err><![CDATA[]]></system-err>
   </testsuite>
</testsuites>
